[3327][1596760707334][main][info]["Booting Postman 7.29.0, linux-5.6.13-arch1-1 on x64"]
[3327][1596760707340][main][info]["EventBus~initialize - Success"]
[3327][1596760707343][main][warn]["CloudProxyManager~init: Error while reading proxy configuration from user data - ",{"errno":-2,"code":"ENOENT","syscall":"open","path":"/home/fahrul/.config/Postman/Postman_Config/proxy","name":"Error","message":"ENOENT: no such file or directory, open '/home/fahrul/.config/Postman/Postman_Config/proxy'","stack":"Error: ENOENT: no such file or directory, open '/home/fahrul/.config/Postman/Postman_Config/proxy'"}]
[3327][1596760707345][main][info]["CloudProxyManager~init - Success"]
[3327][1596760707353][main][info]["UpdateHandler~init - Success"]
[3327][1596760708367][main][info]["RuntimeIPCAgent~started: Success"]
[3327][1596760708520][main][info]["LinuxAutoUpdater~Cleanup - Initial cleanup successful"]
[3327][1596760708532][main][warn]["main~populateInstallationId: Failed to get installationId from appSettings but with no error"]
[3327][1596760709208][main][info]["Bootstrap-models~bootstrap - Success"]
[3327][1596760709516][main][info]["window-manager~newSharedWindow: Shell loaded"]
[3327][1596760715931][main][info]["Main~AppEvents - Received booted event for process shared"]
[3327][1596760718912][main][info]["UpdateHandler~app-update-events - Received event",{"name":"checkForElectronVersionUpdated","namespace":"appUpdate"}]
[3327][1596760718942][main][info]["Main~AppEvents - Received booted event for process requester"]
[3327][1596760727513][main][info]["Quitting app"]
[3583][1596760732061][main][info]["Booting Postman 7.29.0, linux-5.6.13-arch1-1 on x64"]
[3583][1596760732064][main][info]["EventBus~initialize - Success"]
[3583][1596760732067][main][warn]["CloudProxyManager~init: Error while reading proxy configuration from user data - ",{"errno":-2,"code":"ENOENT","syscall":"open","path":"/home/fahrul/.config/Postman/Postman_Config/proxy","name":"Error","message":"ENOENT: no such file or directory, open '/home/fahrul/.config/Postman/Postman_Config/proxy'","stack":"Error: ENOENT: no such file or directory, open '/home/fahrul/.config/Postman/Postman_Config/proxy'"}]
[3583][1596760732068][main][info]["CloudProxyManager~init - Success"]
[3583][1596760732074][main][info]["UpdateHandler~init - Success"]
[3583][1596760732412][main][info]["RuntimeIPCAgent~started: Success"]
[3583][1596760732567][main][info]["LinuxAutoUpdater~Cleanup - Initial cleanup successful"]
[3583][1596760732801][main][info]["Bootstrap-models~bootstrap - Success"]
[3583][1596760732945][main][info]["window-manager~newSharedWindow: Shell loaded"]
[3583][1596760735670][main][info]["Main~AppEvents - Received booted event for process shared"]
[3583][1596760738368][main][info]["UpdateHandler~app-update-events - Received event",{"name":"checkForElectronVersionUpdated","namespace":"appUpdate"}]
[3583][1596760738392][main][info]["Main~AppEvents - Received booted event for process requester"]
[3583][1596760750992][main][info]["WindowManager~closeHandler - Closed Window (id: 3 )"]
[3583][1596760751027][main][info]["Quitting app"]
[62475][1598682334418][main][info]["Booting Postman 7.29.0, linux-5.6.13-arch1-1 on x64"]
[62475][1598682334424][main][info]["EventBus~initialize - Success"]
[62475][1598682334444][main][warn]["CloudProxyManager~init: Error while reading proxy configuration from user data - ",{"errno":-2,"code":"ENOENT","syscall":"open","path":"/home/fahrul/.config/Postman/Postman_Config/proxy","name":"Error","message":"ENOENT: no such file or directory, open '/home/fahrul/.config/Postman/Postman_Config/proxy'","stack":"Error: ENOENT: no such file or directory, open '/home/fahrul/.config/Postman/Postman_Config/proxy'"}]
[62475][1598682334446][main][info]["CloudProxyManager~init - Success"]
[62475][1598682334457][main][info]["UpdateHandler~init - Success"]
[62475][1598682336117][main][info]["RuntimeIPCAgent~started: Success"]
[62475][1598682337343][main][info]["LinuxAutoUpdater~Cleanup - Initial cleanup successful"]
[62475][1598682338245][main][info]["Bootstrap-models~bootstrap - Success"]
[62475][1598682340211][main][info]["window-manager~newSharedWindow: Shell loaded"]
[62475][1598682343733][main][info]["Main~AppEvents - Received booted event for process shared"]
[62475][1598682346611][main][info]["UpdateHandler~app-update-events - Received event",{"name":"checkForElectronVersionUpdated","namespace":"appUpdate"}]
[62475][1598682346636][main][info]["Main~AppEvents - Received booted event for process requester"]
[62475][1598682354321][main][info]["WindowManager~closeHandler - Closed Window (id: 3 )"]
[62475][1598682354360][main][info]["Quitting app"]
