[3327][1596760709488][shell][info]["EventBus~initialize - Success"]
[3327][1596760709503][shell][info]["bootShellCrashReporter~ Success"]
[3327][1596760709505][shell][info]["shellController~init: Success"]
[3327][1596760709506][shell][info]["shellMeta~init: Success"]
[3327][1596760709528][shell][info]["init~setViewAttributes - Initializing view with opts:",{"devtools":false,"id":2,"startTime":1596760708465,"type":"shared","partitionId":"default"}]
[3327][1596760709531][shell][info]["init~setViewAttributes - Success"]
[3327][1596760716416][shell][info]["EventBus~initialize - Success"]
[3327][1596760716433][shell][info]["bootShellCrashReporter~ Success"]
[3327][1596760716435][shell][info]["shellController~init: Success"]
[3327][1596760716435][shell][info]["shellMeta~init: Success"]
[3327][1596760716457][shell][info]["init~setViewAttributes - Initializing view with opts:",{"allIds":[4],"devtools":false,"id":4,"primaryId":4,"startTime":1596760715978,"type":"requester","partitionId":"default"}]
[3327][1596760716459][shell][info]["init~setViewAttributes - Success"]
[3583][1596760732916][shell][info]["EventBus~initialize - Success"]
[3583][1596760732931][shell][info]["bootShellCrashReporter~ Success"]
[3583][1596760732934][shell][info]["shellController~init: Success"]
[3583][1596760732934][shell][info]["shellMeta~init: Success"]
[3583][1596760732953][shell][info]["init~setViewAttributes - Initializing view with opts:",{"devtools":false,"id":2,"startTime":1596760732510,"type":"shared","partitionId":"default"}]
[3583][1596760732954][shell][info]["init~setViewAttributes - Success"]
[3583][1596760736090][shell][info]["EventBus~initialize - Success"]
[3583][1596760736104][shell][info]["bootShellCrashReporter~ Success"]
[3583][1596760736106][shell][info]["shellController~init: Success"]
[3583][1596760736107][shell][info]["shellMeta~init: Success"]
[3583][1596760736125][shell][info]["init~setViewAttributes - Initializing view with opts:",{"allIds":[3],"devtools":false,"id":3,"primaryId":3,"startTime":1596760735709,"type":"requester","partitionId":"default"}]
[3583][1596760736126][shell][info]["init~setViewAttributes - Success"]
[62475][1598682340121][shell][info]["EventBus~initialize - Success"]
[62475][1598682340187][shell][info]["bootShellCrashReporter~ Success"]
[62475][1598682340192][shell][info]["shellController~init: Success"]
[62475][1598682340193][shell][info]["shellMeta~init: Success"]
[62475][1598682340221][shell][info]["init~setViewAttributes - Initializing view with opts:",{"devtools":false,"id":2,"startTime":1598682336941,"type":"shared","partitionId":"default"}]
[62475][1598682340223][shell][info]["init~setViewAttributes - Success"]
[62475][1598682344214][shell][info]["EventBus~initialize - Success"]
[62475][1598682344236][shell][info]["bootShellCrashReporter~ Success"]
[62475][1598682344240][shell][info]["shellController~init: Success"]
[62475][1598682344240][shell][info]["shellMeta~init: Success"]
[62475][1598682344271][shell][info]["init~setViewAttributes - Initializing view with opts:",{"allIds":[3],"devtools":false,"id":3,"primaryId":3,"startTime":1598682343781,"type":"requester","partitionId":"default"}]
[62475][1598682344273][shell][info]["init~setViewAttributes - Success"]
