[3327][1596760718515][requester][info]["EventBus~initialize - Success"]
[3327][1596760718520][requester][info]["Messaging~boot - Success"]
[3327][1596760718530][requester][info]["bootCrashReporter~ Success"]
[3327][1596760718532][requester][info]["Telemetry~boot - Success"]
[3327][1596760718534][requester][info]["bootConfigurations~initialize - Success"]
[3327][1596760718537][requester][info]["Settings~boot - Success"]
[3327][1596760718636][requester][info]["bootstrapModels - Success"]
[3327][1596760718637][requester][info]["WLModels~boot - Success"]
[3327][1596760718789][requester][info]["Session~boot - Success"]
[3327][1596760718793][requester][info]["IndependentServices~boot - Success"]
[3327][1596760718828][requester][info]["AppModels~boot - Success"]
[3327][1596760718837][requester][info]["RuntimeListeners~boot- Success"]
[3327][1596760718838][requester][info]["DBWatcher~boot - Success"]
[3327][1596760718844][requester][info]["ThemeManager~boot - Success"]
[3327][1596760718845][requester][info]["Store~boot - Success"]
[3327][1596760718849][requester][info]["Shortcuts~boot - Success"]
[3327][1596760718850][requester][info]["SyncProxy~boot - Success"]
[3327][1596760718901][requester][info]["NewConsole~boot - Success"]
[3327][1596760718904][requester][info]["APIDevInterface~boot - Success"]
[3327][1596760718923][requester][info]["Requester~boot - Success"]
[3327][1596760718924][requester][info]["booted - requester"]
[3327][1596760718977][requester][warn]["CloudProxyHandler: Error while reading proxy configuration from user data - ",{"errno":-2,"code":"ENOENT","syscall":"open","path":"/home/fahrul/.config/Postman/Postman_Config/proxy","name":"Error","message":"ENOENT: no such file or directory, open '/home/fahrul/.config/Postman/Postman_Config/proxy'","stack":"Error: ENOENT: no such file or directory, open '/home/fahrul/.config/Postman/Postman_Config/proxy'"}]
[3327][1596760721243][requester][info]["SessionValidation - Registering listener"]
[3327][1596760721269][requester][warn]["FeatureFlagsStore~updateFlags: Could not find feature flags",{"error":{"message":"SyncRequestService\\x7erequestListener: Could not fetch from sync. Socket not connected."}}]
[3583][1596760738023][requester][info]["EventBus~initialize - Success"]
[3583][1596760738027][requester][info]["Messaging~boot - Success"]
[3583][1596760738037][requester][info]["bootCrashReporter~ Success"]
[3583][1596760738039][requester][info]["Telemetry~boot - Success"]
[3583][1596760738042][requester][info]["bootConfigurations~initialize - Success"]
[3583][1596760738045][requester][info]["Settings~boot - Success"]
[3583][1596760738131][requester][info]["bootstrapModels - Success"]
[3583][1596760738132][requester][info]["WLModels~boot - Success"]
[3583][1596760738246][requester][info]["Session~boot - Success"]
[3583][1596760738251][requester][info]["IndependentServices~boot - Success"]
[3583][1596760738278][requester][info]["AppModels~boot - Success"]
[3583][1596760738284][requester][info]["RuntimeListeners~boot- Success"]
[3583][1596760738285][requester][info]["DBWatcher~boot - Success"]
[3583][1596760738289][requester][info]["ThemeManager~boot - Success"]
[3583][1596760738289][requester][info]["Store~boot - Success"]
[3583][1596760738294][requester][info]["Shortcuts~boot - Success"]
[3583][1596760738294][requester][info]["SyncProxy~boot - Success"]
[3583][1596760738356][requester][info]["NewConsole~boot - Success"]
[3583][1596760738364][requester][info]["APIDevInterface~boot - Success"]
[3583][1596760738378][requester][info]["Requester~boot - Success"]
[3583][1596760738379][requester][info]["booted - requester"]
[3583][1596760738419][requester][warn]["CloudProxyHandler: Error while reading proxy configuration from user data - ",{"errno":-2,"code":"ENOENT","syscall":"open","path":"/home/fahrul/.config/Postman/Postman_Config/proxy","name":"Error","message":"ENOENT: no such file or directory, open '/home/fahrul/.config/Postman/Postman_Config/proxy'","stack":"Error: ENOENT: no such file or directory, open '/home/fahrul/.config/Postman/Postman_Config/proxy'"}]
[3583][1596760740080][requester][info]["SessionValidation - Registering listener"]
[3583][1596760740117][requester][warn]["FeatureFlagsStore~updateFlags: Could not find feature flags",{"error":{"message":"SyncRequestService\\x7erequestListener: Could not fetch from sync. Socket not connected."}}]
[62475][1598682346256][requester][info]["EventBus~initialize - Success"]
[62475][1598682346263][requester][info]["Messaging~boot - Success"]
[62475][1598682346281][requester][info]["bootCrashReporter~ Success"]
[62475][1598682346283][requester][info]["Telemetry~boot - Success"]
[62475][1598682346284][requester][info]["bootConfigurations~initialize - Success"]
[62475][1598682346286][requester][info]["Settings~boot - Success"]
[62475][1598682346387][requester][info]["bootstrapModels - Success"]
[62475][1598682346388][requester][info]["WLModels~boot - Success"]
[62475][1598682346467][requester][info]["Session~boot - Success"]
[62475][1598682346473][requester][info]["IndependentServices~boot - Success"]
[62475][1598682346504][requester][info]["AppModels~boot - Success"]
[62475][1598682346512][requester][info]["RuntimeListeners~boot- Success"]
[62475][1598682346513][requester][info]["DBWatcher~boot - Success"]
[62475][1598682346517][requester][info]["ThemeManager~boot - Success"]
[62475][1598682346518][requester][info]["Store~boot - Success"]
[62475][1598682346521][requester][info]["Shortcuts~boot - Success"]
[62475][1598682346523][requester][info]["SyncProxy~boot - Success"]
[62475][1598682346598][requester][info]["NewConsole~boot - Success"]
[62475][1598682346608][requester][info]["APIDevInterface~boot - Success"]
[62475][1598682346621][requester][info]["Requester~boot - Success"]
[62475][1598682346622][requester][info]["booted - requester"]
[62475][1598682346663][requester][warn]["CloudProxyHandler: Error while reading proxy configuration from user data - ",{"errno":-2,"code":"ENOENT","syscall":"open","path":"/home/fahrul/.config/Postman/Postman_Config/proxy","name":"Error","message":"ENOENT: no such file or directory, open '/home/fahrul/.config/Postman/Postman_Config/proxy'","stack":"Error: ENOENT: no such file or directory, open '/home/fahrul/.config/Postman/Postman_Config/proxy'"}]
[62475][1598682348948][requester][info]["SessionValidation - Registering listener"]
[62475][1598682348986][requester][warn]["FeatureFlagsStore~updateFlags: Could not find feature flags",{"error":{"message":"SyncRequestService\\x7erequestListener: Could not fetch from sync. Socket not connected."}}]
