00:00:00.003472 VirtualBox DHCP Server 6.1.8 r137981 linux.amd64 (May 18 2020 06:23:25) release log
00:00:00.003474 Log opened 2020-08-08T01:02:16.553067000Z
00:00:00.003475 Build Type: release
00:00:00.003478 OS Product: Linux
00:00:00.003479 OS Release: 5.6.13-arch1-1
00:00:00.003480 OS Version: #1 SMP PREEMPT Thu, 14 May 2020 06:52:53 +0000
00:00:00.003501 DMI Product Name: HP 14 Notebook PC
00:00:00.003510 DMI Product Version: 0975100000005F10000600087
00:00:00.003516 Firmware type: UEFI
00:00:00.004162 Secure Boot: Disabled
00:00:00.004230 Host RAM: 9859MB (9.6GB) total, 8657MB (8.4GB) available
00:00:00.004234 Executable: /usr/lib/virtualbox/VBoxNetDHCP
00:00:00.004235 Process ID: 12131
00:00:00.004236 Package type: LINUX_64BITS_GENERIC (OSE)
00:00:00.004278 --config:  HostInterfaceNetworking-vboxnet0
00:00:00.004285 --comment: HostInterfaceNetworking-vboxnet0
00:00:00.004466 IP address:   192.168.56.100/24
00:00:00.004478 Address pool: 192.168.56.101 - 192.168.56.254
00:00:00.004514 MAC address is not specified: will use generated MAC 08:00:27:43:95:a7
00:00:00.004526 Db::i_enterFixedAddressAssignment: 08:00:27:43:95:a7: 192.168.56.100
00:00:00.004536 loading leases from /home/fahrul/.config/VirtualBox/HostInterfaceNetworking-vboxnet0-Dhcpd.leases
00:00:00.004658 > LOAD: EXPIRED lease 192.168.56.105 to 08:00:27:14:fa:16, expired, valid from 2020-08-08T00:51:09Z for 600s until 2020-08-08T01:01:09Z
00:00:00.004682 > LOAD:         lease 192.168.56.104 to 08:00:27:a9:d3:7d, expired, valid from 2020-08-07T14:43:23Z for 600s until 2020-08-07T14:53:23Z
00:00:00.004696 > LOAD:         lease 192.168.56.103 to 08:00:27:be:4d:e9, expired, valid from 2020-08-07T13:54:45Z for 600s until 2020-08-07T14:04:45Z
00:00:00.004708 > LOAD:         lease 192.168.56.102 to 08:00:27:cc:51:2f, expired, valid from 2020-08-07T12:13:47Z for 600s until 2020-08-07T12:23:47Z
00:00:00.004722 > LOAD: EXPIRED lease 192.168.56.101 to [ff:27:00:00:00:00:01:00:01:26:56:a8:0c:c4:34:6b:4a:f3:ea] (0a:00:27:00:00:00), acked, valid from 2020-08-08T01:01:07Z for 600s until 2020-08-08T01:11:07Z
00:00:01.745730 REQUEST xid 0x5c519a77 chaddr 0a:00:27:00:00:00
00:00:01.745790  ciaddr 0.0.0.0
00:00:01.745805  client id: ff 27 00 00 00 00 01 00 01 26 56 a8 0c c4 34 6b 4a f3 ea
00:00:01.745817  requested address 192.168.56.101
00:00:01.745831  params { 1 121 3 6 12 15 26 28 33 51 54 58 59 119 }
00:00:01.745909   12: 'mixRoBa'
00:00:01.745916   57: 05 c0
00:00:01.745923   60: 'dhcpcd-9.0.2:Linux-5.6.13-arch1-1:x86_64:GenuineIntel'
00:00:01.745929   145: 01
00:00:01.745939 > allocateAddress 192.168.56.101 to client [ff:27:00:00:00:00:01:00:01:26:56:a8:0c:c4:34:6b:4a:f3:ea] (0a:00:27:00:00:00)
00:00:01.745957 > .... noted expired binding 192.168.56.105 to 08:00:27:14:fa:16, expired, valid from 2020-08-08T00:51:09Z for 600s until 2020-08-08T01:01:09Z
00:00:01.745981 > ... found existing binding 192.168.56.101 to [ff:27:00:00:00:00:01:00:01:26:56:a8:0c:c4:34:6b:4a:f3:ea] (0a:00:27:00:00:00), acked, valid from 2020-08-08T01:01:07Z for 600s until 2020-08-08T01:11:07Z
00:00:01.745998 Lease time 600 secs (default)
00:00:01.746006 writing leases to /home/fahrul/.config/VirtualBox/HostInterfaceNetworking-vboxnet0-Dhcpd.leases
00:00:02.507256 >>> requested option 1 (SubnetMask)
00:00:02.507301 ... always supplied
00:00:02.507309 >>> requested option 121 (unknown)
00:00:02.507316 ... not found
00:00:02.507323 >>> requested option 3 (Routers)
00:00:02.507329 ... not found
00:00:02.507336 >>> requested option 6 (DNSes)
00:00:02.507342 ... not found
00:00:02.507348 >>> requested option 12 (HostName)
00:00:02.507355 ... not found
00:00:02.507361 >>> requested option 15 (DomainName)
00:00:02.507367 ... not found
00:00:02.507373 >>> requested option 26 (InterfaceMTU)
00:00:02.507380 ... not found
00:00:02.507386 >>> requested option 28 (BroadcastAddress)
00:00:02.507392 ... not found
00:00:02.507398 >>> requested option 33 (StaticRoute)
00:00:02.507404 ... not found
00:00:02.507410 >>> requested option 51 (LeaseTime)
00:00:02.507416 ... not found
00:00:02.507422 >>> requested option 54 (ServerId)
00:00:02.507455 ... not found
00:00:02.507463 >>> requested option 58 (RenewalTime)
00:00:02.507469 ... not found
00:00:02.507476 >>> requested option 59 (RebindingTime)
00:00:02.507482 ... not found
00:00:02.507488 >>> requested option 119 (DomainSearch)
00:00:02.507495 ... not found
00:00:02.507509 encoding option 1 (SubnetMask)
00:00:02.507518 encoding option 51 (LeaseTime)
00:00:02.507527 ACK xid 0x5c519a77 chaddr 0a:00:27:00:00:00
00:00:02.507551  ciaddr 0.0.0.0 yiaddr 192.168.56.101
00:00:02.507573 encoded message: 548 bytes
00:00:02.507577 00007fcb8c005f70/0000: 02 01 06 00 77 9a 51 5c-00 00 00 00 00 00 00 00 ....w.Q\........
00:00:02.507600 00007fcb8c005f80/0010: c0 a8 38 65 00 00 00 00-00 00 00 00 0a 00 27 00 ..8e..........'.
00:00:02.507605 00007fcb8c005f90/0020: 00 00 00 00 00 00 00 00-00 00 00 00 00 00 00 00 ................
00:00:02.507611 00007fcb8c005fa0/0030: 00 00 00 00 00 00 00 00-00 00 00 00 00 00 00 00 ................
00:00:02.507616 00007fcb8c005fb0/0040: 00 00 00 00 00 00 00 00-00 00 00 00 00 00 00 00 ................
00:00:02.507621 00007fcb8c005fc0/0050: 00 00 00 00 00 00 00 00-00 00 00 00 00 00 00 00 ................
00:00:02.507626 00007fcb8c005fd0/0060: 00 00 00 00 00 00 00 00-00 00 00 00 00 00 00 00 ................
00:00:02.507631 00007fcb8c005fe0/0070: 00 00 00 00 00 00 00 00-00 00 00 00 00 00 00 00 ................
00:00:02.507636 00007fcb8c005ff0/0080: 00 00 00 00 00 00 00 00-00 00 00 00 00 00 00 00 ................
00:00:02.507641 00007fcb8c006000/0090: 00 00 00 00 00 00 00 00-00 00 00 00 00 00 00 00 ................
00:00:02.507646 00007fcb8c006010/00a0: 00 00 00 00 00 00 00 00-00 00 00 00 00 00 00 00 ................
00:00:02.507651 00007fcb8c006020/00b0: 00 00 00 00 00 00 00 00-00 00 00 00 00 00 00 00 ................
00:00:02.507656 00007fcb8c006030/00c0: 00 00 00 00 00 00 00 00-00 00 00 00 00 00 00 00 ................
00:00:02.507661 00007fcb8c006040/00d0: 00 00 00 00 00 00 00 00-00 00 00 00 00 00 00 00 ................
00:00:02.507666 00007fcb8c006050/00e0: 00 00 00 00 00 00 00 00-00 00 00 00 63 82 53 63 ............c.Sc
00:00:02.507671 00007fcb8c006060/00f0: 36 04 c0 a8 38 64 35 01-05 01 04 ff ff ff 00 33 6...8d5........3
00:00:02.507677 00007fcb8c006070/0100: 04 00 00 02 58 ff 00 00-00 00 00 00 00 00 00 00 ....X...........
00:00:02.507682 00007fcb8c006080/0110: 00 00 00 00 00 00 00 00-00 00 00 00 00 00 00 00 ................
00:00:02.507687 00007fcb8c006090/0120: 00 00 00 00 00 00 00 00-00 00 00 00 00 00 00 00 ................
00:00:02.507692 00007fcb8c0060a0/0130: 00 00 00 00 00 00 00 00-00 00 00 00 00 00 00 00 ................
00:00:02.507697 00007fcb8c0060b0/0140: 00 00 00 00 00 00 00 00-00 00 00 00 00 00 00 00 ................
00:00:02.507702 00007fcb8c0060c0/0150: 00 00 00 00 00 00 00 00-00 00 00 00 00 00 00 00 ................
00:00:02.507707 00007fcb8c0060d0/0160: 00 00 00 00 00 00 00 00-00 00 00 00 00 00 00 00 ................
00:00:02.507712 00007fcb8c0060e0/0170: 00 00 00 00 00 00 00 00-00 00 00 00 00 00 00 00 ................
00:00:02.507717 00007fcb8c0060f0/0180: 00 00 00 00 00 00 00 00-00 00 00 00 00 00 00 00 ................
00:00:02.507722 00007fcb8c006100/0190: 00 00 00 00 00 00 00 00-00 00 00 00 00 00 00 00 ................
00:00:02.507727 00007fcb8c006110/01a0: 00 00 00 00 00 00 00 00-00 00 00 00 00 00 00 00 ................
00:00:02.507733 00007fcb8c006120/01b0: 00 00 00 00 00 00 00 00-00 00 00 00 00 00 00 00 ................
00:00:02.507738 00007fcb8c006130/01c0: 00 00 00 00 00 00 00 00-00 00 00 00 00 00 00 00 ................
00:00:02.507743 00007fcb8c006140/01d0: 00 00 00 00 00 00 00 00-00 00 00 00 00 00 00 00 ................
00:00:02.507748 00007fcb8c006150/01e0: 00 00 00 00 00 00 00 00-00 00 00 00 00 00 00 00 ................
00:00:02.507753 00007fcb8c006160/01f0: 00 00 00 00 00 00 00 00-00 00 00 00 00 00 00 00 ................
00:00:02.507758 00007fcb8c006170/0200: 00 00 00 00 00 00 00 00-00 00 00 00 00 00 00 00 ................
00:00:02.507763 00007fcb8c006180/0210: 00 00 00 00 00 00 00 00-00 00 00 00 00 00 00 00 ................
00:00:02.507768 00007fcb8c006190/0220: 00 00 00 00                                     ....
00:00:10.865157 DISCOVER xid 0x00001d41 chaddr 08:00:27:14:fa:16
00:00:10.865205  ciaddr 0.0.0.0
00:00:10.865234  params { 1 3 6 28 }
00:00:10.865268 > allocateAddress to client 08:00:27:14:fa:16
00:00:10.865277 > ... found existing binding 192.168.56.105 to 08:00:27:14:fa:16, expired, valid from 2020-08-08T00:51:09Z for 600s until 2020-08-08T01:01:09Z
00:00:10.865292 Lease time 600 secs (default)
00:00:10.865301 >>> requested option 1 (SubnetMask)
00:00:10.865307 ... always supplied
00:00:10.865311 >>> requested option 3 (Routers)
00:00:10.865316 ... not found
00:00:10.865321 >>> requested option 6 (DNSes)
00:00:10.865326 ... not found
00:00:10.865330 >>> requested option 28 (BroadcastAddress)
00:00:10.865335 ... not found
00:00:10.865342 encoding option 1 (SubnetMask)
00:00:10.865348 encoding option 51 (LeaseTime)
00:00:10.865355 OFFER xid 0x00001d41 chaddr 08:00:27:14:fa:16
00:00:10.865371  ciaddr 0.0.0.0 yiaddr 192.168.56.105
00:00:10.865387 encoded message: 548 bytes
00:00:10.865389 00007fcb8c005f70/0000: 02 01 06 00 41 1d 00 00-00 00 00 00 00 00 00 00 ....A...........
00:00:10.865395 00007fcb8c005f80/0010: c0 a8 38 69 00 00 00 00-00 00 00 00 08 00 27 14 ..8i..........'.
00:00:10.865400 00007fcb8c005f90/0020: fa 16 00 00 00 00 00 00-00 00 00 00 00 00 00 00 ................
00:00:10.865405 00007fcb8c005fa0/0030: 00 00 00 00 00 00 00 00-00 00 00 00 00 00 00 00 ................
00:00:10.865410 00007fcb8c005fb0/0040: 00 00 00 00 00 00 00 00-00 00 00 00 00 00 00 00 ................
00:00:10.865414 00007fcb8c005fc0/0050: 00 00 00 00 00 00 00 00-00 00 00 00 00 00 00 00 ................
00:00:10.865419 00007fcb8c005fd0/0060: 00 00 00 00 00 00 00 00-00 00 00 00 00 00 00 00 ................
00:00:10.865424 00007fcb8c005fe0/0070: 00 00 00 00 00 00 00 00-00 00 00 00 00 00 00 00 ................
00:00:10.865429 00007fcb8c005ff0/0080: 00 00 00 00 00 00 00 00-00 00 00 00 00 00 00 00 ................
00:00:10.865433 00007fcb8c006000/0090: 00 00 00 00 00 00 00 00-00 00 00 00 00 00 00 00 ................
00:00:10.865438 00007fcb8c006010/00a0: 00 00 00 00 00 00 00 00-00 00 00 00 00 00 00 00 ................
00:00:10.865443 00007fcb8c006020/00b0: 00 00 00 00 00 00 00 00-00 00 00 00 00 00 00 00 ................
00:00:10.865447 00007fcb8c006030/00c0: 00 00 00 00 00 00 00 00-00 00 00 00 00 00 00 00 ................
00:00:10.865452 00007fcb8c006040/00d0: 00 00 00 00 00 00 00 00-00 00 00 00 00 00 00 00 ................
00:00:10.865457 00007fcb8c006050/00e0: 00 00 00 00 00 00 00 00-00 00 00 00 63 82 53 63 ............c.Sc
00:00:10.865461 00007fcb8c006060/00f0: 36 04 c0 a8 38 64 35 01-02 01 04 ff ff ff 00 33 6...8d5........3
00:00:10.865466 00007fcb8c006070/0100: 04 00 00 02 58 ff 00 00-00 00 00 00 00 00 00 00 ....X...........
00:00:10.865471 00007fcb8c006080/0110: 00 00 00 00 00 00 00 00-00 00 00 00 00 00 00 00 ................
00:00:10.865476 00007fcb8c006090/0120: 00 00 00 00 00 00 00 00-00 00 00 00 00 00 00 00 ................
00:00:10.865481 00007fcb8c0060a0/0130: 00 00 00 00 00 00 00 00-00 00 00 00 00 00 00 00 ................
00:00:10.865485 00007fcb8c0060b0/0140: 00 00 00 00 00 00 00 00-00 00 00 00 00 00 00 00 ................
00:00:10.865490 00007fcb8c0060c0/0150: 00 00 00 00 00 00 00 00-00 00 00 00 00 00 00 00 ................
00:00:10.865494 00007fcb8c0060d0/0160: 00 00 00 00 00 00 00 00-00 00 00 00 00 00 00 00 ................
00:00:10.865498 00007fcb8c0060e0/0170: 00 00 00 00 00 00 00 00-00 00 00 00 00 00 00 00 ................
00:00:10.865502 00007fcb8c0060f0/0180: 00 00 00 00 00 00 00 00-00 00 00 00 00 00 00 00 ................
00:00:10.865506 00007fcb8c006100/0190: 00 00 00 00 00 00 00 00-00 00 00 00 00 00 00 00 ................
00:00:10.865511 00007fcb8c006110/01a0: 00 00 00 00 00 00 00 00-00 00 00 00 00 00 00 00 ................
00:00:10.865515 00007fcb8c006120/01b0: 00 00 00 00 00 00 00 00-00 00 00 00 00 00 00 00 ................
00:00:10.865520 00007fcb8c006130/01c0: 00 00 00 00 00 00 00 00-00 00 00 00 00 00 00 00 ................
00:00:10.865524 00007fcb8c006140/01d0: 00 00 00 00 00 00 00 00-00 00 00 00 00 00 00 00 ................
00:00:10.865529 00007fcb8c006150/01e0: 00 00 00 00 00 00 00 00-00 00 00 00 00 00 00 00 ................
00:00:10.865534 00007fcb8c006160/01f0: 00 00 00 00 00 00 00 00-00 00 00 00 00 00 00 00 ................
00:00:10.865539 00007fcb8c006170/0200: 00 00 00 00 00 00 00 00-00 00 00 00 00 00 00 00 ................
00:00:10.865543 00007fcb8c006180/0210: 00 00 00 00 00 00 00 00-00 00 00 00 00 00 00 00 ................
00:00:10.865548 00007fcb8c006190/0220: 00 00 00 00                                     ....
00:00:10.866513 REQUEST xid 0x00001d42 chaddr 08:00:27:14:fa:16
00:00:10.866546  ciaddr 0.0.0.0
00:00:10.866558  for server 192.168.56.100 requested address 192.168.56.105
00:00:10.866576  params { 1 3 6 28 }
00:00:10.866603   54: c0 a8 38 64
00:00:10.866611 > allocateAddress 192.168.56.105 to client 08:00:27:14:fa:16
00:00:10.866621 > ... found existing binding 192.168.56.105 to 08:00:27:14:fa:16, offered, valid from 2020-08-08T01:02:27Z for 600s until 2020-08-08T01:12:27Z
00:00:10.866636 Lease time 600 secs (default)
00:00:10.866642 writing leases to /home/fahrul/.config/VirtualBox/HostInterfaceNetworking-vboxnet0-Dhcpd.leases
00:00:10.965658 >>> requested option 1 (SubnetMask)
00:00:10.965704 ... always supplied
00:00:10.965712 >>> requested option 3 (Routers)
00:00:10.965720 ... not found
00:00:10.965725 >>> requested option 6 (DNSes)
00:00:10.965731 ... not found
00:00:10.965737 >>> requested option 28 (BroadcastAddress)
00:00:10.965742 ... not found
00:00:10.965753 encoding option 1 (SubnetMask)
00:00:10.965761 encoding option 51 (LeaseTime)
00:00:10.965768 ACK xid 0x00001d42 chaddr 08:00:27:14:fa:16
00:00:10.965788  ciaddr 0.0.0.0 yiaddr 192.168.56.105
00:00:10.965807 encoded message: 548 bytes
00:00:10.965810 00007fcb8c005f70/0000: 02 01 06 00 42 1d 00 00-00 00 00 00 00 00 00 00 ....B...........
00:00:10.965816 00007fcb8c005f80/0010: c0 a8 38 69 00 00 00 00-00 00 00 00 08 00 27 14 ..8i..........'.
00:00:10.965821 00007fcb8c005f90/0020: fa 16 00 00 00 00 00 00-00 00 00 00 00 00 00 00 ................
00:00:10.965825 00007fcb8c005fa0/0030: 00 00 00 00 00 00 00 00-00 00 00 00 00 00 00 00 ................
00:00:10.965829 00007fcb8c005fb0/0040: 00 00 00 00 00 00 00 00-00 00 00 00 00 00 00 00 ................
00:00:10.965833 00007fcb8c005fc0/0050: 00 00 00 00 00 00 00 00-00 00 00 00 00 00 00 00 ................
00:00:10.965837 00007fcb8c005fd0/0060: 00 00 00 00 00 00 00 00-00 00 00 00 00 00 00 00 ................
00:00:10.965841 00007fcb8c005fe0/0070: 00 00 00 00 00 00 00 00-00 00 00 00 00 00 00 00 ................
00:00:10.965845 00007fcb8c005ff0/0080: 00 00 00 00 00 00 00 00-00 00 00 00 00 00 00 00 ................
00:00:10.965849 00007fcb8c006000/0090: 00 00 00 00 00 00 00 00-00 00 00 00 00 00 00 00 ................
00:00:10.965853 00007fcb8c006010/00a0: 00 00 00 00 00 00 00 00-00 00 00 00 00 00 00 00 ................
00:00:10.965857 00007fcb8c006020/00b0: 00 00 00 00 00 00 00 00-00 00 00 00 00 00 00 00 ................
00:00:10.965861 00007fcb8c006030/00c0: 00 00 00 00 00 00 00 00-00 00 00 00 00 00 00 00 ................
00:00:10.965865 00007fcb8c006040/00d0: 00 00 00 00 00 00 00 00-00 00 00 00 00 00 00 00 ................
00:00:10.965869 00007fcb8c006050/00e0: 00 00 00 00 00 00 00 00-00 00 00 00 63 82 53 63 ............c.Sc
00:00:10.965874 00007fcb8c006060/00f0: 36 04 c0 a8 38 64 35 01-05 01 04 ff ff ff 00 33 6...8d5........3
00:00:10.965878 00007fcb8c006070/0100: 04 00 00 02 58 ff 00 00-00 00 00 00 00 00 00 00 ....X...........
00:00:10.965883 00007fcb8c006080/0110: 00 00 00 00 00 00 00 00-00 00 00 00 00 00 00 00 ................
00:00:10.965887 00007fcb8c006090/0120: 00 00 00 00 00 00 00 00-00 00 00 00 00 00 00 00 ................
00:00:10.965891 00007fcb8c0060a0/0130: 00 00 00 00 00 00 00 00-00 00 00 00 00 00 00 00 ................
00:00:10.965895 00007fcb8c0060b0/0140: 00 00 00 00 00 00 00 00-00 00 00 00 00 00 00 00 ................
00:00:10.965900 00007fcb8c0060c0/0150: 00 00 00 00 00 00 00 00-00 00 00 00 00 00 00 00 ................
00:00:10.965903 00007fcb8c0060d0/0160: 00 00 00 00 00 00 00 00-00 00 00 00 00 00 00 00 ................
00:00:10.965908 00007fcb8c0060e0/0170: 00 00 00 00 00 00 00 00-00 00 00 00 00 00 00 00 ................
00:00:10.965912 00007fcb8c0060f0/0180: 00 00 00 00 00 00 00 00-00 00 00 00 00 00 00 00 ................
00:00:10.965917 00007fcb8c006100/0190: 00 00 00 00 00 00 00 00-00 00 00 00 00 00 00 00 ................
00:00:10.965921 00007fcb8c006110/01a0: 00 00 00 00 00 00 00 00-00 00 00 00 00 00 00 00 ................
00:00:10.965925 00007fcb8c006120/01b0: 00 00 00 00 00 00 00 00-00 00 00 00 00 00 00 00 ................
00:00:10.965929 00007fcb8c006130/01c0: 00 00 00 00 00 00 00 00-00 00 00 00 00 00 00 00 ................
00:00:10.965932 00007fcb8c006140/01d0: 00 00 00 00 00 00 00 00-00 00 00 00 00 00 00 00 ................
00:00:10.965936 00007fcb8c006150/01e0: 00 00 00 00 00 00 00 00-00 00 00 00 00 00 00 00 ................
00:00:10.965941 00007fcb8c006160/01f0: 00 00 00 00 00 00 00 00-00 00 00 00 00 00 00 00 ................
00:00:10.965945 00007fcb8c006170/0200: 00 00 00 00 00 00 00 00-00 00 00 00 00 00 00 00 ................
00:00:10.965949 00007fcb8c006180/0210: 00 00 00 00 00 00 00 00-00 00 00 00 00 00 00 00 ................
00:00:10.965953 00007fcb8c006190/0220: 00 00 00 00                                     ....
00:05:07.898957 REQUEST xid 0x8bc87364 chaddr 0a:00:27:00:00:00
00:05:07.899038  ciaddr 192.168.56.101
00:05:07.899058  client id: ff 27 00 00 00 00 01 00 01 26 56 a8 0c c4 34 6b 4a f3 ea
00:05:07.899072  params { 1 121 3 6 12 15 26 28 33 51 54 58 59 119 }
00:05:07.899174   12: 'mixRoBa'
00:05:07.899183   57: 05 c0
00:05:07.899192   60: 'dhcpcd-9.0.2:Linux-5.6.13-arch1-1:x86_64:GenuineIntel'
00:05:07.899200   145: 01
00:05:07.899212 > allocateAddress to client [ff:27:00:00:00:00:01:00:01:26:56:a8:0c:c4:34:6b:4a:f3:ea] (0a:00:27:00:00:00)
00:05:07.899231 > .... noted expired binding 192.168.56.104 to 08:00:27:a9:d3:7d, expired, valid from 2020-08-07T14:43:23Z for 600s until 2020-08-07T14:53:23Z
00:05:07.899251 > ... found existing binding 192.168.56.101 to [ff:27:00:00:00:00:01:00:01:26:56:a8:0c:c4:34:6b:4a:f3:ea] (0a:00:27:00:00:00), acked, valid from 2020-08-08T01:02:18Z for 600s until 2020-08-08T01:12:18Z
00:05:07.899271 Lease time 600 secs (default)
00:05:07.899280 writing leases to /home/fahrul/.config/VirtualBox/HostInterfaceNetworking-vboxnet0-Dhcpd.leases
00:05:07.966330 >>> requested option 1 (SubnetMask)
00:05:07.966375 ... always supplied
00:05:07.966384 >>> requested option 121 (unknown)
00:05:07.966394 ... not found
00:05:07.966405 >>> requested option 3 (Routers)
00:05:07.966418 ... not found
00:05:07.966429 >>> requested option 6 (DNSes)
00:05:07.966444 ... not found
00:05:07.966455 >>> requested option 12 (HostName)
00:05:07.966467 ... not found
00:05:07.966478 >>> requested option 15 (DomainName)
00:05:07.966490 ... not found
00:05:07.966501 >>> requested option 26 (InterfaceMTU)
00:05:07.966514 ... not found
00:05:07.966525 >>> requested option 28 (BroadcastAddress)
00:05:07.966538 ... not found
00:05:07.966552 >>> requested option 33 (StaticRoute)
00:05:07.966560 ... not found
00:05:07.966567 >>> requested option 51 (LeaseTime)
00:05:07.966574 ... not found
00:05:07.966581 >>> requested option 54 (ServerId)
00:05:07.966588 ... not found
00:05:07.966595 >>> requested option 58 (RenewalTime)
00:05:07.966602 ... not found
00:05:07.966609 >>> requested option 59 (RebindingTime)
00:05:07.966616 ... not found
00:05:07.966623 >>> requested option 119 (DomainSearch)
00:05:07.966630 ... not found
00:05:07.966643 encoding option 1 (SubnetMask)
00:05:07.966652 encoding option 51 (LeaseTime)
00:05:07.966661 ACK xid 0x8bc87364 chaddr 0a:00:27:00:00:00
00:05:07.966688  ciaddr 192.168.56.101 yiaddr 192.168.56.101
00:05:07.966713 encoded message: 548 bytes
00:05:07.966717 00007fcb8c005f70/0000: 02 01 06 00 64 73 c8 8b-00 00 00 00 c0 a8 38 65 ....ds........8e
00:05:07.966724 00007fcb8c005f80/0010: c0 a8 38 65 00 00 00 00-00 00 00 00 0a 00 27 00 ..8e..........'.
00:05:07.966730 00007fcb8c005f90/0020: 00 00 00 00 00 00 00 00-00 00 00 00 00 00 00 00 ................
00:05:07.966735 00007fcb8c005fa0/0030: 00 00 00 00 00 00 00 00-00 00 00 00 00 00 00 00 ................
00:05:07.966740 00007fcb8c005fb0/0040: 00 00 00 00 00 00 00 00-00 00 00 00 00 00 00 00 ................
00:05:07.966745 00007fcb8c005fc0/0050: 00 00 00 00 00 00 00 00-00 00 00 00 00 00 00 00 ................
00:05:07.966750 00007fcb8c005fd0/0060: 00 00 00 00 00 00 00 00-00 00 00 00 00 00 00 00 ................
00:05:07.966755 00007fcb8c005fe0/0070: 00 00 00 00 00 00 00 00-00 00 00 00 00 00 00 00 ................
00:05:07.966760 00007fcb8c005ff0/0080: 00 00 00 00 00 00 00 00-00 00 00 00 00 00 00 00 ................
00:05:07.966765 00007fcb8c006000/0090: 00 00 00 00 00 00 00 00-00 00 00 00 00 00 00 00 ................
00:05:07.966770 00007fcb8c006010/00a0: 00 00 00 00 00 00 00 00-00 00 00 00 00 00 00 00 ................
00:05:07.966775 00007fcb8c006020/00b0: 00 00 00 00 00 00 00 00-00 00 00 00 00 00 00 00 ................
00:05:07.966780 00007fcb8c006030/00c0: 00 00 00 00 00 00 00 00-00 00 00 00 00 00 00 00 ................
00:05:07.966785 00007fcb8c006040/00d0: 00 00 00 00 00 00 00 00-00 00 00 00 00 00 00 00 ................
00:05:07.966790 00007fcb8c006050/00e0: 00 00 00 00 00 00 00 00-00 00 00 00 63 82 53 63 ............c.Sc
00:05:07.966796 00007fcb8c006060/00f0: 36 04 c0 a8 38 64 35 01-05 01 04 ff ff ff 00 33 6...8d5........3
00:05:07.966801 00007fcb8c006070/0100: 04 00 00 02 58 ff 00 00-00 00 00 00 00 00 00 00 ....X...........
00:05:07.966807 00007fcb8c006080/0110: 00 00 00 00 00 00 00 00-00 00 00 00 00 00 00 00 ................
00:05:07.966812 00007fcb8c006090/0120: 00 00 00 00 00 00 00 00-00 00 00 00 00 00 00 00 ................
00:05:07.966817 00007fcb8c0060a0/0130: 00 00 00 00 00 00 00 00-00 00 00 00 00 00 00 00 ................
00:05:07.966822 00007fcb8c0060b0/0140: 00 00 00 00 00 00 00 00-00 00 00 00 00 00 00 00 ................
00:05:07.966827 00007fcb8c0060c0/0150: 00 00 00 00 00 00 00 00-00 00 00 00 00 00 00 00 ................
00:05:07.966832 00007fcb8c0060d0/0160: 00 00 00 00 00 00 00 00-00 00 00 00 00 00 00 00 ................
00:05:07.966837 00007fcb8c0060e0/0170: 00 00 00 00 00 00 00 00-00 00 00 00 00 00 00 00 ................
00:05:07.966842 00007fcb8c0060f0/0180: 00 00 00 00 00 00 00 00-00 00 00 00 00 00 00 00 ................
00:05:07.966847 00007fcb8c006100/0190: 00 00 00 00 00 00 00 00-00 00 00 00 00 00 00 00 ................
00:05:07.966852 00007fcb8c006110/01a0: 00 00 00 00 00 00 00 00-00 00 00 00 00 00 00 00 ................
00:05:07.966857 00007fcb8c006120/01b0: 00 00 00 00 00 00 00 00-00 00 00 00 00 00 00 00 ................
00:05:07.966862 00007fcb8c006130/01c0: 00 00 00 00 00 00 00 00-00 00 00 00 00 00 00 00 ................
00:05:07.966867 00007fcb8c006140/01d0: 00 00 00 00 00 00 00 00-00 00 00 00 00 00 00 00 ................
00:05:07.966872 00007fcb8c006150/01e0: 00 00 00 00 00 00 00 00-00 00 00 00 00 00 00 00 ................
00:05:07.966877 00007fcb8c006160/01f0: 00 00 00 00 00 00 00 00-00 00 00 00 00 00 00 00 ................
00:05:07.966882 00007fcb8c006170/0200: 00 00 00 00 00 00 00 00-00 00 00 00 00 00 00 00 ................
00:05:07.966887 00007fcb8c006180/0210: 00 00 00 00 00 00 00 00-00 00 00 00 00 00 00 00 ................
00:05:07.966892 00007fcb8c006190/0220: 00 00 00 00                                     ....
