[Error - 1:48:31 PM] Oct 9, 2020, 1:48:31 PM Unable to read documentation
null
java.util.concurrent.TimeoutException
	at java.base/java.util.concurrent.FutureTask.get(FutureTask.java:204)
	at com.google.common.util.concurrent.SimpleTimeLimiter.callWithTimeout(SimpleTimeLimiter.java:156)
	at org.eclipse.jdt.ls.core.internal.handlers.CompletionResolveHandler.resolve(CompletionResolveHandler.java:162)
	at com.microsoft.jdtls.intellicode.core.CommandHandler.executeCommand(CommandHandler.java:70)
	at org.eclipse.jdt.ls.core.internal.handlers.WorkspaceExecuteCommandHandler$1.run(WorkspaceExecuteCommandHandler.java:215)
	at org.eclipse.core.runtime.SafeRunner.run(SafeRunner.java:45)
	at org.eclipse.jdt.ls.core.internal.handlers.WorkspaceExecuteCommandHandler.executeCommand(WorkspaceExecuteCommandHandler.java:205)
	at org.eclipse.jdt.ls.core.internal.handlers.JDTLanguageServer.lambda$3(JDTLanguageServer.java:495)
	at org.eclipse.jdt.ls.core.internal.BaseJDTLanguageServer.lambda$0(BaseJDTLanguageServer.java:75)
	at java.base/java.util.concurrent.CompletableFuture$UniApply.tryFire(CompletableFuture.java:642)
	at java.base/java.util.concurrent.CompletableFuture$Completion.exec(CompletableFuture.java:479)
	at java.base/java.util.concurrent.ForkJoinTask.doExec(ForkJoinTask.java:290)
	at java.base/java.util.concurrent.ForkJoinPool$WorkQueue.topLevelExec(ForkJoinPool.java:1016)
	at java.base/java.util.concurrent.ForkJoinPool.scan(ForkJoinPool.java:1665)
	at java.base/java.util.concurrent.ForkJoinPool.runWorker(ForkJoinPool.java:1598)
	at java.base/java.util.concurrent.ForkJoinWorkerThread.run(ForkJoinWorkerThread.java:177)

[Error - 1:48:52 PM] Oct 9, 2020, 1:48:52 PM Timed out while retrieving the attached javadoc for Scanner [in Scanner.class [in java.util [in <module:java.base>]]] 
Timed out while retrieving the attached javadoc for Scanner [in Scanner.class [in java.util [in <module:java.base>]]] 
Java Model Exception: Java Model Status [Timed out while retrieving the attached javadoc for Scanner [in Scanner.class [in java.util [in <module:java.base>]]] ]
	at org.eclipse.jdt.internal.core.JavaElement.getURLContents(JavaElement.java:931)
	at org.eclipse.jdt.internal.core.BinaryType.getJavadocContents(BinaryType.java:1063)
	at org.eclipse.jdt.internal.core.BinaryType.getAttachedJavadoc(BinaryType.java:1021)
	at org.eclipse.jdt.ls.core.internal.javadoc.JavadocContentAccess2.getHTMLContent(JavadocContentAccess2.java:595)
	at org.eclipse.jdt.ls.core.internal.javadoc.JavadocContentAccess2.getMarkdownContentReader(JavadocContentAccess2.java:2506)
	at org.eclipse.jdt.ls.core.internal.handlers.CompletionResolveHandler.lambda$0(CompletionResolveHandler.java:165)
	at java.base/java.util.concurrent.FutureTask.run(FutureTask.java:264)
	at java.base/java.util.concurrent.ThreadPoolExecutor.runWorker(ThreadPoolExecutor.java:1128)
	at java.base/java.util.concurrent.ThreadPoolExecutor$Worker.run(ThreadPoolExecutor.java:628)
	at java.base/java.lang.Thread.run(Thread.java:830)

[Error - 1:49:31 PM] Oct 9, 2020, 1:49:31 PM Unable to read documentation
null
java.util.concurrent.TimeoutException
	at java.base/java.util.concurrent.FutureTask.get(FutureTask.java:204)
	at com.google.common.util.concurrent.SimpleTimeLimiter.callWithTimeout(SimpleTimeLimiter.java:156)
	at org.eclipse.jdt.ls.core.internal.handlers.CompletionResolveHandler.resolve(CompletionResolveHandler.java:162)
	at com.microsoft.jdtls.intellicode.core.CommandHandler.executeCommand(CommandHandler.java:70)
	at org.eclipse.jdt.ls.core.internal.handlers.WorkspaceExecuteCommandHandler$1.run(WorkspaceExecuteCommandHandler.java:215)
	at org.eclipse.core.runtime.SafeRunner.run(SafeRunner.java:45)
	at org.eclipse.jdt.ls.core.internal.handlers.WorkspaceExecuteCommandHandler.executeCommand(WorkspaceExecuteCommandHandler.java:205)
	at org.eclipse.jdt.ls.core.internal.handlers.JDTLanguageServer.lambda$3(JDTLanguageServer.java:495)
	at org.eclipse.jdt.ls.core.internal.BaseJDTLanguageServer.lambda$0(BaseJDTLanguageServer.java:75)
	at java.base/java.util.concurrent.CompletableFuture$UniApply.tryFire(CompletableFuture.java:642)
	at java.base/java.util.concurrent.CompletableFuture$Completion.exec(CompletableFuture.java:479)
	at java.base/java.util.concurrent.ForkJoinTask.doExec(ForkJoinTask.java:290)
	at java.base/java.util.concurrent.ForkJoinPool$WorkQueue.topLevelExec(ForkJoinPool.java:1016)
	at java.base/java.util.concurrent.ForkJoinPool.scan(ForkJoinPool.java:1665)
	at java.base/java.util.concurrent.ForkJoinPool.runWorker(ForkJoinPool.java:1598)
	at java.base/java.util.concurrent.ForkJoinWorkerThread.run(ForkJoinWorkerThread.java:177)

[Error - 1:49:32 PM] Oct 9, 2020, 1:49:32 PM Unable to read documentation
null
java.util.concurrent.TimeoutException
	at java.base/java.util.concurrent.FutureTask.get(FutureTask.java:204)
	at com.google.common.util.concurrent.SimpleTimeLimiter.callWithTimeout(SimpleTimeLimiter.java:156)
	at org.eclipse.jdt.ls.core.internal.handlers.CompletionResolveHandler.resolve(CompletionResolveHandler.java:162)
	at com.microsoft.jdtls.intellicode.core.CommandHandler.executeCommand(CommandHandler.java:70)
	at org.eclipse.jdt.ls.core.internal.handlers.WorkspaceExecuteCommandHandler$1.run(WorkspaceExecuteCommandHandler.java:215)
	at org.eclipse.core.runtime.SafeRunner.run(SafeRunner.java:45)
	at org.eclipse.jdt.ls.core.internal.handlers.WorkspaceExecuteCommandHandler.executeCommand(WorkspaceExecuteCommandHandler.java:205)
	at org.eclipse.jdt.ls.core.internal.handlers.JDTLanguageServer.lambda$3(JDTLanguageServer.java:495)
	at org.eclipse.jdt.ls.core.internal.BaseJDTLanguageServer.lambda$0(BaseJDTLanguageServer.java:75)
	at java.base/java.util.concurrent.CompletableFuture$UniApply.tryFire(CompletableFuture.java:642)
	at java.base/java.util.concurrent.CompletableFuture$Completion.exec(CompletableFuture.java:479)
	at java.base/java.util.concurrent.ForkJoinTask.doExec(ForkJoinTask.java:290)
	at java.base/java.util.concurrent.ForkJoinPool$WorkQueue.topLevelExec(ForkJoinPool.java:1016)
	at java.base/java.util.concurrent.ForkJoinPool.scan(ForkJoinPool.java:1665)
	at java.base/java.util.concurrent.ForkJoinPool.runWorker(ForkJoinPool.java:1598)
	at java.base/java.util.concurrent.ForkJoinWorkerThread.run(ForkJoinWorkerThread.java:177)

[Error - 1:49:33 PM] Oct 9, 2020, 1:49:33 PM Unable to read documentation
null
java.util.concurrent.TimeoutException
	at java.base/java.util.concurrent.FutureTask.get(FutureTask.java:204)
	at com.google.common.util.concurrent.SimpleTimeLimiter.callWithTimeout(SimpleTimeLimiter.java:156)
	at org.eclipse.jdt.ls.core.internal.handlers.CompletionResolveHandler.resolve(CompletionResolveHandler.java:162)
	at com.microsoft.jdtls.intellicode.core.CommandHandler.executeCommand(CommandHandler.java:70)
	at org.eclipse.jdt.ls.core.internal.handlers.WorkspaceExecuteCommandHandler$1.run(WorkspaceExecuteCommandHandler.java:215)
	at org.eclipse.core.runtime.SafeRunner.run(SafeRunner.java:45)
	at org.eclipse.jdt.ls.core.internal.handlers.WorkspaceExecuteCommandHandler.executeCommand(WorkspaceExecuteCommandHandler.java:205)
	at org.eclipse.jdt.ls.core.internal.handlers.JDTLanguageServer.lambda$3(JDTLanguageServer.java:495)
	at org.eclipse.jdt.ls.core.internal.BaseJDTLanguageServer.lambda$0(BaseJDTLanguageServer.java:75)
	at java.base/java.util.concurrent.CompletableFuture$UniApply.tryFire(CompletableFuture.java:642)
	at java.base/java.util.concurrent.CompletableFuture$Completion.exec(CompletableFuture.java:479)
	at java.base/java.util.concurrent.ForkJoinTask.doExec(ForkJoinTask.java:290)
	at java.base/java.util.concurrent.ForkJoinPool$WorkQueue.topLevelExec(ForkJoinPool.java:1016)
	at java.base/java.util.concurrent.ForkJoinPool.scan(ForkJoinPool.java:1665)
	at java.base/java.util.concurrent.ForkJoinPool.runWorker(ForkJoinPool.java:1598)
	at java.base/java.util.concurrent.ForkJoinWorkerThread.run(ForkJoinWorkerThread.java:177)

[Error - 1:49:33 PM] Oct 9, 2020, 1:49:33 PM Unable to read documentation
null
java.util.concurrent.TimeoutException
	at java.base/java.util.concurrent.FutureTask.get(FutureTask.java:204)
	at com.google.common.util.concurrent.SimpleTimeLimiter.callWithTimeout(SimpleTimeLimiter.java:156)
	at org.eclipse.jdt.ls.core.internal.handlers.CompletionResolveHandler.resolve(CompletionResolveHandler.java:162)
	at com.microsoft.jdtls.intellicode.core.CommandHandler.executeCommand(CommandHandler.java:70)
	at org.eclipse.jdt.ls.core.internal.handlers.WorkspaceExecuteCommandHandler$1.run(WorkspaceExecuteCommandHandler.java:215)
	at org.eclipse.core.runtime.SafeRunner.run(SafeRunner.java:45)
	at org.eclipse.jdt.ls.core.internal.handlers.WorkspaceExecuteCommandHandler.executeCommand(WorkspaceExecuteCommandHandler.java:205)
	at org.eclipse.jdt.ls.core.internal.handlers.JDTLanguageServer.lambda$3(JDTLanguageServer.java:495)
	at org.eclipse.jdt.ls.core.internal.BaseJDTLanguageServer.lambda$0(BaseJDTLanguageServer.java:75)
	at java.base/java.util.concurrent.CompletableFuture$UniApply.tryFire(CompletableFuture.java:642)
	at java.base/java.util.concurrent.CompletableFuture$Completion.exec(CompletableFuture.java:479)
	at java.base/java.util.concurrent.ForkJoinTask.doExec(ForkJoinTask.java:290)
	at java.base/java.util.concurrent.ForkJoinPool$WorkQueue.topLevelExec(ForkJoinPool.java:1016)
	at java.base/java.util.concurrent.ForkJoinPool.scan(ForkJoinPool.java:1665)
	at java.base/java.util.concurrent.ForkJoinPool.runWorker(ForkJoinPool.java:1598)
	at java.base/java.util.concurrent.ForkJoinWorkerThread.run(ForkJoinWorkerThread.java:177)

[Error - 1:49:34 PM] Oct 9, 2020, 1:49:34 PM Unable to read documentation
null
java.util.concurrent.TimeoutException
	at java.base/java.util.concurrent.FutureTask.get(FutureTask.java:204)
	at com.google.common.util.concurrent.SimpleTimeLimiter.callWithTimeout(SimpleTimeLimiter.java:156)
	at org.eclipse.jdt.ls.core.internal.handlers.CompletionResolveHandler.resolve(CompletionResolveHandler.java:162)
	at com.microsoft.jdtls.intellicode.core.CommandHandler.executeCommand(CommandHandler.java:70)
	at org.eclipse.jdt.ls.core.internal.handlers.WorkspaceExecuteCommandHandler$1.run(WorkspaceExecuteCommandHandler.java:215)
	at org.eclipse.core.runtime.SafeRunner.run(SafeRunner.java:45)
	at org.eclipse.jdt.ls.core.internal.handlers.WorkspaceExecuteCommandHandler.executeCommand(WorkspaceExecuteCommandHandler.java:205)
	at org.eclipse.jdt.ls.core.internal.handlers.JDTLanguageServer.lambda$3(JDTLanguageServer.java:495)
	at org.eclipse.jdt.ls.core.internal.BaseJDTLanguageServer.lambda$0(BaseJDTLanguageServer.java:75)
	at java.base/java.util.concurrent.CompletableFuture$UniApply.tryFire(CompletableFuture.java:642)
	at java.base/java.util.concurrent.CompletableFuture$Completion.exec(CompletableFuture.java:479)
	at java.base/java.util.concurrent.ForkJoinTask.doExec(ForkJoinTask.java:290)
	at java.base/java.util.concurrent.ForkJoinPool$WorkQueue.topLevelExec(ForkJoinPool.java:1016)
	at java.base/java.util.concurrent.ForkJoinPool.scan(ForkJoinPool.java:1665)
	at java.base/java.util.concurrent.ForkJoinPool.runWorker(ForkJoinPool.java:1598)
	at java.base/java.util.concurrent.ForkJoinWorkerThread.run(ForkJoinWorkerThread.java:177)

[Error - 1:49:37 PM] Oct 9, 2020, 1:49:37 PM Unable to read documentation
null
java.util.concurrent.TimeoutException
	at java.base/java.util.concurrent.FutureTask.get(FutureTask.java:204)
	at com.google.common.util.concurrent.SimpleTimeLimiter.callWithTimeout(SimpleTimeLimiter.java:156)
	at org.eclipse.jdt.ls.core.internal.handlers.CompletionResolveHandler.resolve(CompletionResolveHandler.java:162)
	at com.microsoft.jdtls.intellicode.core.CommandHandler.executeCommand(CommandHandler.java:70)
	at org.eclipse.jdt.ls.core.internal.handlers.WorkspaceExecuteCommandHandler$1.run(WorkspaceExecuteCommandHandler.java:215)
	at org.eclipse.core.runtime.SafeRunner.run(SafeRunner.java:45)
	at org.eclipse.jdt.ls.core.internal.handlers.WorkspaceExecuteCommandHandler.executeCommand(WorkspaceExecuteCommandHandler.java:205)
	at org.eclipse.jdt.ls.core.internal.handlers.JDTLanguageServer.lambda$3(JDTLanguageServer.java:495)
	at org.eclipse.jdt.ls.core.internal.BaseJDTLanguageServer.lambda$0(BaseJDTLanguageServer.java:75)
	at java.base/java.util.concurrent.CompletableFuture$UniApply.tryFire(CompletableFuture.java:642)
	at java.base/java.util.concurrent.CompletableFuture$Completion.exec(CompletableFuture.java:479)
	at java.base/java.util.concurrent.ForkJoinTask.doExec(ForkJoinTask.java:290)
	at java.base/java.util.concurrent.ForkJoinPool$WorkQueue.topLevelExec(ForkJoinPool.java:1016)
	at java.base/java.util.concurrent.ForkJoinPool.scan(ForkJoinPool.java:1665)
	at java.base/java.util.concurrent.ForkJoinPool.runWorker(ForkJoinPool.java:1598)
	at java.base/java.util.concurrent.ForkJoinWorkerThread.run(ForkJoinWorkerThread.java:177)

[Error - 1:49:47 PM] Oct 9, 2020, 1:49:47 PM Unable to read documentation
null
java.util.concurrent.TimeoutException
	at java.base/java.util.concurrent.FutureTask.get(FutureTask.java:204)
	at com.google.common.util.concurrent.SimpleTimeLimiter.callWithTimeout(SimpleTimeLimiter.java:156)
	at org.eclipse.jdt.ls.core.internal.handlers.CompletionResolveHandler.resolve(CompletionResolveHandler.java:162)
	at com.microsoft.jdtls.intellicode.core.CommandHandler.executeCommand(CommandHandler.java:70)
	at org.eclipse.jdt.ls.core.internal.handlers.WorkspaceExecuteCommandHandler$1.run(WorkspaceExecuteCommandHandler.java:215)
	at org.eclipse.core.runtime.SafeRunner.run(SafeRunner.java:45)
	at org.eclipse.jdt.ls.core.internal.handlers.WorkspaceExecuteCommandHandler.executeCommand(WorkspaceExecuteCommandHandler.java:205)
	at org.eclipse.jdt.ls.core.internal.handlers.JDTLanguageServer.lambda$3(JDTLanguageServer.java:495)
	at org.eclipse.jdt.ls.core.internal.BaseJDTLanguageServer.lambda$0(BaseJDTLanguageServer.java:75)
	at java.base/java.util.concurrent.CompletableFuture$UniApply.tryFire(CompletableFuture.java:642)
	at java.base/java.util.concurrent.CompletableFuture$Completion.exec(CompletableFuture.java:479)
	at java.base/java.util.concurrent.ForkJoinTask.doExec(ForkJoinTask.java:290)
	at java.base/java.util.concurrent.ForkJoinPool$WorkQueue.topLevelExec(ForkJoinPool.java:1016)
	at java.base/java.util.concurrent.ForkJoinPool.scan(ForkJoinPool.java:1665)
	at java.base/java.util.concurrent.ForkJoinPool.runWorker(ForkJoinPool.java:1598)
	at java.base/java.util.concurrent.ForkJoinWorkerThread.run(ForkJoinWorkerThread.java:177)

[Error - 1:49:48 PM] Oct 9, 2020, 1:49:48 PM Unable to read documentation
null
java.util.concurrent.TimeoutException
	at java.base/java.util.concurrent.FutureTask.get(FutureTask.java:204)
	at com.google.common.util.concurrent.SimpleTimeLimiter.callWithTimeout(SimpleTimeLimiter.java:156)
	at org.eclipse.jdt.ls.core.internal.handlers.CompletionResolveHandler.resolve(CompletionResolveHandler.java:162)
	at com.microsoft.jdtls.intellicode.core.CommandHandler.executeCommand(CommandHandler.java:70)
	at org.eclipse.jdt.ls.core.internal.handlers.WorkspaceExecuteCommandHandler$1.run(WorkspaceExecuteCommandHandler.java:215)
	at org.eclipse.core.runtime.SafeRunner.run(SafeRunner.java:45)
	at org.eclipse.jdt.ls.core.internal.handlers.WorkspaceExecuteCommandHandler.executeCommand(WorkspaceExecuteCommandHandler.java:205)
	at org.eclipse.jdt.ls.core.internal.handlers.JDTLanguageServer.lambda$3(JDTLanguageServer.java:495)
	at org.eclipse.jdt.ls.core.internal.BaseJDTLanguageServer.lambda$0(BaseJDTLanguageServer.java:75)
	at java.base/java.util.concurrent.CompletableFuture$UniApply.tryFire(CompletableFuture.java:642)
	at java.base/java.util.concurrent.CompletableFuture$Completion.exec(CompletableFuture.java:479)
	at java.base/java.util.concurrent.ForkJoinTask.doExec(ForkJoinTask.java:290)
	at java.base/java.util.concurrent.ForkJoinPool$WorkQueue.topLevelExec(ForkJoinPool.java:1016)
	at java.base/java.util.concurrent.ForkJoinPool.scan(ForkJoinPool.java:1665)
	at java.base/java.util.concurrent.ForkJoinPool.runWorker(ForkJoinPool.java:1598)
	at java.base/java.util.concurrent.ForkJoinWorkerThread.run(ForkJoinWorkerThread.java:177)

[Error - 1:49:49 PM] Oct 9, 2020, 1:49:49 PM Timed out while retrieving the attached javadoc for Scanner [in Scanner.class [in java.util [in <module:java.base>]]] 
Timed out while retrieving the attached javadoc for Scanner [in Scanner.class [in java.util [in <module:java.base>]]] 
Java Model Exception: Java Model Status [Timed out while retrieving the attached javadoc for Scanner [in Scanner.class [in java.util [in <module:java.base>]]] ]
	at org.eclipse.jdt.internal.core.JavaElement.getURLContents(JavaElement.java:931)
	at org.eclipse.jdt.internal.core.BinaryType.getJavadocContents(BinaryType.java:1063)
	at org.eclipse.jdt.internal.core.BinaryMethod.getAttachedJavadoc(BinaryMethod.java:749)
	at org.eclipse.jdt.ls.core.internal.javadoc.JavadocContentAccess2.getHTMLContent(JavadocContentAccess2.java:595)
	at org.eclipse.jdt.ls.core.internal.javadoc.JavadocContentAccess2.getMarkdownContentReader(JavadocContentAccess2.java:2506)
	at org.eclipse.jdt.ls.core.internal.handlers.CompletionResolveHandler.lambda$0(CompletionResolveHandler.java:165)
	at java.base/java.util.concurrent.FutureTask.run(FutureTask.java:264)
	at java.base/java.util.concurrent.ThreadPoolExecutor.runWorker(ThreadPoolExecutor.java:1128)
	at java.base/java.util.concurrent.ThreadPoolExecutor$Worker.run(ThreadPoolExecutor.java:628)
	at java.base/java.lang.Thread.run(Thread.java:830)

[Error - 1:49:53 PM] Oct 9, 2020, 1:49:53 PM Timed out while retrieving the attached javadoc for Scanner [in Scanner.class [in java.util [in <module:java.base>]]] 
Timed out while retrieving the attached javadoc for Scanner [in Scanner.class [in java.util [in <module:java.base>]]] 
Java Model Exception: Java Model Status [Timed out while retrieving the attached javadoc for Scanner [in Scanner.class [in java.util [in <module:java.base>]]] ]
	at org.eclipse.jdt.internal.core.JavaElement.getURLContents(JavaElement.java:931)
	at org.eclipse.jdt.internal.core.BinaryType.getJavadocContents(BinaryType.java:1063)
	at org.eclipse.jdt.internal.core.BinaryType.getAttachedJavadoc(BinaryType.java:1021)
	at org.eclipse.jdt.ls.core.internal.javadoc.JavadocContentAccess2.getHTMLContent(JavadocContentAccess2.java:595)
	at org.eclipse.jdt.ls.core.internal.javadoc.JavadocContentAccess2.getMarkdownContentReader(JavadocContentAccess2.java:2506)
	at org.eclipse.jdt.ls.core.internal.handlers.CompletionResolveHandler.lambda$0(CompletionResolveHandler.java:165)
	at java.base/java.util.concurrent.FutureTask.run(FutureTask.java:264)
	at java.base/java.util.concurrent.ThreadPoolExecutor.runWorker(ThreadPoolExecutor.java:1128)
	at java.base/java.util.concurrent.ThreadPoolExecutor$Worker.run(ThreadPoolExecutor.java:628)
	at java.base/java.lang.Thread.run(Thread.java:830)

[Error - 1:49:53 PM] Oct 9, 2020, 1:49:53 PM Timed out while retrieving the attached javadoc for Scanner [in Scanner.class [in java.util [in <module:java.base>]]] 
Timed out while retrieving the attached javadoc for Scanner [in Scanner.class [in java.util [in <module:java.base>]]] 
Java Model Exception: Java Model Status [Timed out while retrieving the attached javadoc for Scanner [in Scanner.class [in java.util [in <module:java.base>]]] ]
	at org.eclipse.jdt.internal.core.JavaElement.getURLContents(JavaElement.java:931)
	at org.eclipse.jdt.internal.core.BinaryType.getJavadocContents(BinaryType.java:1063)
	at org.eclipse.jdt.internal.core.BinaryMethod.getAttachedJavadoc(BinaryMethod.java:749)
	at org.eclipse.jdt.ls.core.internal.javadoc.JavadocContentAccess2.getHTMLContent(JavadocContentAccess2.java:595)
	at org.eclipse.jdt.ls.core.internal.javadoc.JavadocContentAccess2.getMarkdownContentReader(JavadocContentAccess2.java:2506)
	at org.eclipse.jdt.ls.core.internal.handlers.CompletionResolveHandler.lambda$0(CompletionResolveHandler.java:165)
	at java.base/java.util.concurrent.FutureTask.run(FutureTask.java:264)
	at java.base/java.util.concurrent.ThreadPoolExecutor.runWorker(ThreadPoolExecutor.java:1128)
	at java.base/java.util.concurrent.ThreadPoolExecutor$Worker.run(ThreadPoolExecutor.java:628)
	at java.base/java.lang.Thread.run(Thread.java:830)

[Error - 1:49:53 PM] Oct 9, 2020, 1:49:53 PM Timed out while retrieving the attached javadoc for SafeVarargs [in SafeVarargs.class [in java.lang [in <module:java.base>]]] 
Timed out while retrieving the attached javadoc for SafeVarargs [in SafeVarargs.class [in java.lang [in <module:java.base>]]] 
Java Model Exception: Java Model Status [Timed out while retrieving the attached javadoc for SafeVarargs [in SafeVarargs.class [in java.lang [in <module:java.base>]]] ]
	at org.eclipse.jdt.internal.core.JavaElement.getURLContents(JavaElement.java:931)
	at org.eclipse.jdt.internal.core.BinaryType.getJavadocContents(BinaryType.java:1063)
	at org.eclipse.jdt.internal.core.BinaryType.getAttachedJavadoc(BinaryType.java:1021)
	at org.eclipse.jdt.ls.core.internal.javadoc.JavadocContentAccess2.getHTMLContent(JavadocContentAccess2.java:595)
	at org.eclipse.jdt.ls.core.internal.javadoc.JavadocContentAccess2.getMarkdownContentReader(JavadocContentAccess2.java:2506)
	at org.eclipse.jdt.ls.core.internal.handlers.CompletionResolveHandler.lambda$0(CompletionResolveHandler.java:165)
	at java.base/java.util.concurrent.FutureTask.run(FutureTask.java:264)
	at java.base/java.util.concurrent.ThreadPoolExecutor.runWorker(ThreadPoolExecutor.java:1128)
	at java.base/java.util.concurrent.ThreadPoolExecutor$Worker.run(ThreadPoolExecutor.java:628)
	at java.base/java.lang.Thread.run(Thread.java:830)

[Error - 1:49:53 PM] Oct 9, 2020, 1:49:53 PM Timed out while retrieving the attached javadoc for Scanner [in Scanner.class [in java.util [in <module:java.base>]]] 
Timed out while retrieving the attached javadoc for Scanner [in Scanner.class [in java.util [in <module:java.base>]]] 
Java Model Exception: Java Model Status [Timed out while retrieving the attached javadoc for Scanner [in Scanner.class [in java.util [in <module:java.base>]]] ]
	at org.eclipse.jdt.internal.core.JavaElement.getURLContents(JavaElement.java:931)
	at org.eclipse.jdt.internal.core.BinaryType.getJavadocContents(BinaryType.java:1063)
	at org.eclipse.jdt.internal.core.BinaryMethod.getAttachedJavadoc(BinaryMethod.java:749)
	at org.eclipse.jdt.ls.core.internal.javadoc.JavadocContentAccess2.getHTMLContent(JavadocContentAccess2.java:595)
	at org.eclipse.jdt.ls.core.internal.javadoc.JavadocContentAccess2.getMarkdownContentReader(JavadocContentAccess2.java:2506)
	at org.eclipse.jdt.ls.core.internal.handlers.CompletionResolveHandler.lambda$0(CompletionResolveHandler.java:165)
	at java.base/java.util.concurrent.FutureTask.run(FutureTask.java:264)
	at java.base/java.util.concurrent.ThreadPoolExecutor.runWorker(ThreadPoolExecutor.java:1128)
	at java.base/java.util.concurrent.ThreadPoolExecutor$Worker.run(ThreadPoolExecutor.java:628)
	at java.base/java.lang.Thread.run(Thread.java:830)

[Error - 1:49:58 PM] Oct 9, 2020, 1:49:58 PM Timed out while retrieving the attached javadoc for basic [in basic.class [in sun.awt.www.content.audio [in <module:java.desktop>]]] 
Timed out while retrieving the attached javadoc for basic [in basic.class [in sun.awt.www.content.audio [in <module:java.desktop>]]] 
Java Model Exception: Java Model Status [Timed out while retrieving the attached javadoc for basic [in basic.class [in sun.awt.www.content.audio [in <module:java.desktop>]]] ]
	at org.eclipse.jdt.internal.core.JavaElement.getURLContents(JavaElement.java:931)
	at org.eclipse.jdt.internal.core.BinaryType.getJavadocContents(BinaryType.java:1063)
	at org.eclipse.jdt.internal.core.BinaryType.getAttachedJavadoc(BinaryType.java:1021)
	at org.eclipse.jdt.ls.core.internal.javadoc.JavadocContentAccess2.getHTMLContent(JavadocContentAccess2.java:595)
	at org.eclipse.jdt.ls.core.internal.javadoc.JavadocContentAccess2.getMarkdownContentReader(JavadocContentAccess2.java:2506)
	at org.eclipse.jdt.ls.core.internal.handlers.CompletionResolveHandler.lambda$0(CompletionResolveHandler.java:165)
	at java.base/java.util.concurrent.FutureTask.run(FutureTask.java:264)
	at java.base/java.util.concurrent.ThreadPoolExecutor.runWorker(ThreadPoolExecutor.java:1128)
	at java.base/java.util.concurrent.ThreadPoolExecutor$Worker.run(ThreadPoolExecutor.java:628)
	at java.base/java.lang.Thread.run(Thread.java:830)

[Error - 1:50:06 PM] Oct 9, 2020, 1:50:06 PM Timed out while retrieving the attached javadoc for Scanner [in Scanner.class [in java.util [in <module:java.base>]]] 
Timed out while retrieving the attached javadoc for Scanner [in Scanner.class [in java.util [in <module:java.base>]]] 
Java Model Exception: Java Model Status [Timed out while retrieving the attached javadoc for Scanner [in Scanner.class [in java.util [in <module:java.base>]]] ]
	at org.eclipse.jdt.internal.core.JavaElement.getURLContents(JavaElement.java:931)
	at org.eclipse.jdt.internal.core.BinaryType.getJavadocContents(BinaryType.java:1063)
	at org.eclipse.jdt.internal.core.BinaryMethod.getAttachedJavadoc(BinaryMethod.java:749)
	at org.eclipse.jdt.ls.core.internal.javadoc.JavadocContentAccess2.getHTMLContent(JavadocContentAccess2.java:595)
	at org.eclipse.jdt.ls.core.internal.javadoc.JavadocContentAccess2.getMarkdownContentReader(JavadocContentAccess2.java:2506)
	at org.eclipse.jdt.ls.core.internal.handlers.CompletionResolveHandler.lambda$0(CompletionResolveHandler.java:165)
	at java.base/java.util.concurrent.FutureTask.run(FutureTask.java:264)
	at java.base/java.util.concurrent.ThreadPoolExecutor.runWorker(ThreadPoolExecutor.java:1128)
	at java.base/java.util.concurrent.ThreadPoolExecutor$Worker.run(ThreadPoolExecutor.java:628)
	at java.base/java.lang.Thread.run(Thread.java:830)

[Error - 1:50:07 PM] Oct 9, 2020, 1:50:07 PM Timed out while retrieving the attached javadoc for Object [in Object.class [in java.lang [in <module:java.base>]]] 
Timed out while retrieving the attached javadoc for Object [in Object.class [in java.lang [in <module:java.base>]]] 
Java Model Exception: Java Model Status [Timed out while retrieving the attached javadoc for Object [in Object.class [in java.lang [in <module:java.base>]]] ]
	at org.eclipse.jdt.internal.core.JavaElement.getURLContents(JavaElement.java:931)
	at org.eclipse.jdt.internal.core.BinaryType.getJavadocContents(BinaryType.java:1063)
	at org.eclipse.jdt.internal.core.BinaryMethod.getAttachedJavadoc(BinaryMethod.java:749)
	at org.eclipse.jdt.ls.core.internal.javadoc.JavadocContentAccess2.getHTMLContent(JavadocContentAccess2.java:595)
	at org.eclipse.jdt.ls.core.internal.javadoc.JavadocContentAccess2.getMarkdownContentReader(JavadocContentAccess2.java:2506)
	at org.eclipse.jdt.ls.core.internal.handlers.CompletionResolveHandler.lambda$0(CompletionResolveHandler.java:165)
	at java.base/java.util.concurrent.FutureTask.run(FutureTask.java:264)
	at java.base/java.util.concurrent.ThreadPoolExecutor.runWorker(ThreadPoolExecutor.java:1128)
	at java.base/java.util.concurrent.ThreadPoolExecutor$Worker.run(ThreadPoolExecutor.java:628)
	at java.base/java.lang.Thread.run(Thread.java:830)

[Error - 1:50:14 PM] Oct 9, 2020, 1:50:14 PM Unable to read documentation
null
java.util.concurrent.TimeoutException
	at java.base/java.util.concurrent.FutureTask.get(FutureTask.java:204)
	at com.google.common.util.concurrent.SimpleTimeLimiter.callWithTimeout(SimpleTimeLimiter.java:156)
	at org.eclipse.jdt.ls.core.internal.handlers.CompletionResolveHandler.resolve(CompletionResolveHandler.java:162)
	at com.microsoft.jdtls.intellicode.core.CommandHandler.executeCommand(CommandHandler.java:70)
	at org.eclipse.jdt.ls.core.internal.handlers.WorkspaceExecuteCommandHandler$1.run(WorkspaceExecuteCommandHandler.java:215)
	at org.eclipse.core.runtime.SafeRunner.run(SafeRunner.java:45)
	at org.eclipse.jdt.ls.core.internal.handlers.WorkspaceExecuteCommandHandler.executeCommand(WorkspaceExecuteCommandHandler.java:205)
	at org.eclipse.jdt.ls.core.internal.handlers.JDTLanguageServer.lambda$3(JDTLanguageServer.java:495)
	at org.eclipse.jdt.ls.core.internal.BaseJDTLanguageServer.lambda$0(BaseJDTLanguageServer.java:75)
	at java.base/java.util.concurrent.CompletableFuture$UniApply.tryFire(CompletableFuture.java:642)
	at java.base/java.util.concurrent.CompletableFuture$Completion.exec(CompletableFuture.java:479)
	at java.base/java.util.concurrent.ForkJoinTask.doExec(ForkJoinTask.java:290)
	at java.base/java.util.concurrent.ForkJoinPool$WorkQueue.topLevelExec(ForkJoinPool.java:1016)
	at java.base/java.util.concurrent.ForkJoinPool.scan(ForkJoinPool.java:1665)
	at java.base/java.util.concurrent.ForkJoinPool.runWorker(ForkJoinPool.java:1598)
	at java.base/java.util.concurrent.ForkJoinWorkerThread.run(ForkJoinWorkerThread.java:177)

[Error - 1:50:15 PM] Oct 9, 2020, 1:50:15 PM Unable to read documentation
null
java.util.concurrent.TimeoutException
	at java.base/java.util.concurrent.FutureTask.get(FutureTask.java:204)
	at com.google.common.util.concurrent.SimpleTimeLimiter.callWithTimeout(SimpleTimeLimiter.java:156)
	at org.eclipse.jdt.ls.core.internal.handlers.CompletionResolveHandler.resolve(CompletionResolveHandler.java:162)
	at com.microsoft.jdtls.intellicode.core.CommandHandler.executeCommand(CommandHandler.java:70)
	at org.eclipse.jdt.ls.core.internal.handlers.WorkspaceExecuteCommandHandler$1.run(WorkspaceExecuteCommandHandler.java:215)
	at org.eclipse.core.runtime.SafeRunner.run(SafeRunner.java:45)
	at org.eclipse.jdt.ls.core.internal.handlers.WorkspaceExecuteCommandHandler.executeCommand(WorkspaceExecuteCommandHandler.java:205)
	at org.eclipse.jdt.ls.core.internal.handlers.JDTLanguageServer.lambda$3(JDTLanguageServer.java:495)
	at org.eclipse.jdt.ls.core.internal.BaseJDTLanguageServer.lambda$0(BaseJDTLanguageServer.java:75)
	at java.base/java.util.concurrent.CompletableFuture$UniApply.tryFire(CompletableFuture.java:642)
	at java.base/java.util.concurrent.CompletableFuture$Completion.exec(CompletableFuture.java:479)
	at java.base/java.util.concurrent.ForkJoinTask.doExec(ForkJoinTask.java:290)
	at java.base/java.util.concurrent.ForkJoinPool$WorkQueue.topLevelExec(ForkJoinPool.java:1016)
	at java.base/java.util.concurrent.ForkJoinPool.scan(ForkJoinPool.java:1665)
	at java.base/java.util.concurrent.ForkJoinPool.runWorker(ForkJoinPool.java:1598)
	at java.base/java.util.concurrent.ForkJoinWorkerThread.run(ForkJoinWorkerThread.java:177)

[Error - 1:50:15 PM] Oct 9, 2020, 1:50:15 PM Unable to read documentation
null
java.util.concurrent.TimeoutException
	at java.base/java.util.concurrent.FutureTask.get(FutureTask.java:204)
	at com.google.common.util.concurrent.SimpleTimeLimiter.callWithTimeout(SimpleTimeLimiter.java:156)
	at org.eclipse.jdt.ls.core.internal.handlers.CompletionResolveHandler.resolve(CompletionResolveHandler.java:162)
	at com.microsoft.jdtls.intellicode.core.CommandHandler.executeCommand(CommandHandler.java:70)
	at org.eclipse.jdt.ls.core.internal.handlers.WorkspaceExecuteCommandHandler$1.run(WorkspaceExecuteCommandHandler.java:215)
	at org.eclipse.core.runtime.SafeRunner.run(SafeRunner.java:45)
	at org.eclipse.jdt.ls.core.internal.handlers.WorkspaceExecuteCommandHandler.executeCommand(WorkspaceExecuteCommandHandler.java:205)
	at org.eclipse.jdt.ls.core.internal.handlers.JDTLanguageServer.lambda$3(JDTLanguageServer.java:495)
	at org.eclipse.jdt.ls.core.internal.BaseJDTLanguageServer.lambda$0(BaseJDTLanguageServer.java:75)
	at java.base/java.util.concurrent.CompletableFuture$UniApply.tryFire(CompletableFuture.java:642)
	at java.base/java.util.concurrent.CompletableFuture$Completion.exec(CompletableFuture.java:479)
	at java.base/java.util.concurrent.ForkJoinTask.doExec(ForkJoinTask.java:290)
	at java.base/java.util.concurrent.ForkJoinPool$WorkQueue.topLevelExec(ForkJoinPool.java:1016)
	at java.base/java.util.concurrent.ForkJoinPool.scan(ForkJoinPool.java:1665)
	at java.base/java.util.concurrent.ForkJoinPool.runWorker(ForkJoinPool.java:1598)
	at java.base/java.util.concurrent.ForkJoinWorkerThread.run(ForkJoinWorkerThread.java:177)

[Error - 1:50:35 PM] Oct 9, 2020, 1:50:35 PM Timed out while retrieving the attached javadoc for String [in String.class [in java.lang [in <module:java.base>]]] 
Timed out while retrieving the attached javadoc for String [in String.class [in java.lang [in <module:java.base>]]] 
Java Model Exception: Java Model Status [Timed out while retrieving the attached javadoc for String [in String.class [in java.lang [in <module:java.base>]]] ]
	at org.eclipse.jdt.internal.core.JavaElement.getURLContents(JavaElement.java:931)
	at org.eclipse.jdt.internal.core.BinaryType.getJavadocContents(BinaryType.java:1063)
	at org.eclipse.jdt.internal.core.BinaryMethod.getAttachedJavadoc(BinaryMethod.java:749)
	at org.eclipse.jdt.ls.core.internal.javadoc.JavadocContentAccess2.getHTMLContent(JavadocContentAccess2.java:595)
	at org.eclipse.jdt.ls.core.internal.javadoc.JavadocContentAccess2.getMarkdownContentReader(JavadocContentAccess2.java:2506)
	at org.eclipse.jdt.ls.core.internal.handlers.CompletionResolveHandler.lambda$0(CompletionResolveHandler.java:165)
	at java.base/java.util.concurrent.FutureTask.run(FutureTask.java:264)
	at java.base/java.util.concurrent.ThreadPoolExecutor.runWorker(ThreadPoolExecutor.java:1128)
	at java.base/java.util.concurrent.ThreadPoolExecutor$Worker.run(ThreadPoolExecutor.java:628)
	at java.base/java.lang.Thread.run(Thread.java:830)

[Error - 1:50:36 PM] Oct 9, 2020, 1:50:36 PM Timed out while retrieving the attached javadoc for String [in String.class [in java.lang [in <module:java.base>]]] 
Timed out while retrieving the attached javadoc for String [in String.class [in java.lang [in <module:java.base>]]] 
Java Model Exception: Java Model Status [Timed out while retrieving the attached javadoc for String [in String.class [in java.lang [in <module:java.base>]]] ]
	at org.eclipse.jdt.internal.core.JavaElement.getURLContents(JavaElement.java:931)
	at org.eclipse.jdt.internal.core.BinaryType.getJavadocContents(BinaryType.java:1063)
	at org.eclipse.jdt.internal.core.BinaryMethod.getAttachedJavadoc(BinaryMethod.java:749)
	at org.eclipse.jdt.ls.core.internal.javadoc.JavadocContentAccess2.getHTMLContent(JavadocContentAccess2.java:595)
	at org.eclipse.jdt.ls.core.internal.javadoc.JavadocContentAccess2.getMarkdownContentReader(JavadocContentAccess2.java:2506)
	at org.eclipse.jdt.ls.core.internal.handlers.CompletionResolveHandler.lambda$0(CompletionResolveHandler.java:165)
	at java.base/java.util.concurrent.FutureTask.run(FutureTask.java:264)
	at java.base/java.util.concurrent.ThreadPoolExecutor.runWorker(ThreadPoolExecutor.java:1128)
	at java.base/java.util.concurrent.ThreadPoolExecutor$Worker.run(ThreadPoolExecutor.java:628)
	at java.base/java.lang.Thread.run(Thread.java:830)

[Error - 1:50:36 PM] Oct 9, 2020, 1:50:36 PM Timed out while retrieving the attached javadoc for String [in String.class [in java.lang [in <module:java.base>]]] 
Timed out while retrieving the attached javadoc for String [in String.class [in java.lang [in <module:java.base>]]] 
Java Model Exception: Java Model Status [Timed out while retrieving the attached javadoc for String [in String.class [in java.lang [in <module:java.base>]]] ]
	at org.eclipse.jdt.internal.core.JavaElement.getURLContents(JavaElement.java:931)
	at org.eclipse.jdt.internal.core.BinaryType.getJavadocContents(BinaryType.java:1063)
	at org.eclipse.jdt.internal.core.BinaryMethod.getAttachedJavadoc(BinaryMethod.java:749)
	at org.eclipse.jdt.ls.core.internal.javadoc.JavadocContentAccess2.getHTMLContent(JavadocContentAccess2.java:595)
	at org.eclipse.jdt.ls.core.internal.javadoc.JavadocContentAccess2.getMarkdownContentReader(JavadocContentAccess2.java:2506)
	at org.eclipse.jdt.ls.core.internal.handlers.CompletionResolveHandler.lambda$0(CompletionResolveHandler.java:165)
	at java.base/java.util.concurrent.FutureTask.run(FutureTask.java:264)
	at java.base/java.util.concurrent.ThreadPoolExecutor.runWorker(ThreadPoolExecutor.java:1128)
	at java.base/java.util.concurrent.ThreadPoolExecutor$Worker.run(ThreadPoolExecutor.java:628)
	at java.base/java.lang.Thread.run(Thread.java:830)

[Error - 1:51:32 PM] Oct 9, 2020, 1:51:32 PM Unable to read documentation
null
java.util.concurrent.TimeoutException
	at java.base/java.util.concurrent.FutureTask.get(FutureTask.java:204)
	at com.google.common.util.concurrent.SimpleTimeLimiter.callWithTimeout(SimpleTimeLimiter.java:156)
	at org.eclipse.jdt.ls.core.internal.handlers.CompletionResolveHandler.resolve(CompletionResolveHandler.java:162)
	at com.microsoft.jdtls.intellicode.core.CommandHandler.executeCommand(CommandHandler.java:70)
	at org.eclipse.jdt.ls.core.internal.handlers.WorkspaceExecuteCommandHandler$1.run(WorkspaceExecuteCommandHandler.java:215)
	at org.eclipse.core.runtime.SafeRunner.run(SafeRunner.java:45)
	at org.eclipse.jdt.ls.core.internal.handlers.WorkspaceExecuteCommandHandler.executeCommand(WorkspaceExecuteCommandHandler.java:205)
	at org.eclipse.jdt.ls.core.internal.handlers.JDTLanguageServer.lambda$3(JDTLanguageServer.java:495)
	at org.eclipse.jdt.ls.core.internal.BaseJDTLanguageServer.lambda$0(BaseJDTLanguageServer.java:75)
	at java.base/java.util.concurrent.CompletableFuture$UniApply.tryFire(CompletableFuture.java:642)
	at java.base/java.util.concurrent.CompletableFuture$Completion.exec(CompletableFuture.java:479)
	at java.base/java.util.concurrent.ForkJoinTask.doExec(ForkJoinTask.java:290)
	at java.base/java.util.concurrent.ForkJoinPool$WorkQueue.topLevelExec(ForkJoinPool.java:1016)
	at java.base/java.util.concurrent.ForkJoinPool.scan(ForkJoinPool.java:1665)
	at java.base/java.util.concurrent.ForkJoinPool.runWorker(ForkJoinPool.java:1598)
	at java.base/java.util.concurrent.ForkJoinWorkerThread.run(ForkJoinWorkerThread.java:177)

[Error - 1:51:32 PM] Oct 9, 2020, 1:51:32 PM Unable to read documentation
null
java.util.concurrent.TimeoutException
	at java.base/java.util.concurrent.FutureTask.get(FutureTask.java:204)
	at com.google.common.util.concurrent.SimpleTimeLimiter.callWithTimeout(SimpleTimeLimiter.java:156)
	at org.eclipse.jdt.ls.core.internal.handlers.CompletionResolveHandler.resolve(CompletionResolveHandler.java:162)
	at com.microsoft.jdtls.intellicode.core.CommandHandler.executeCommand(CommandHandler.java:70)
	at org.eclipse.jdt.ls.core.internal.handlers.WorkspaceExecuteCommandHandler$1.run(WorkspaceExecuteCommandHandler.java:215)
	at org.eclipse.core.runtime.SafeRunner.run(SafeRunner.java:45)
	at org.eclipse.jdt.ls.core.internal.handlers.WorkspaceExecuteCommandHandler.executeCommand(WorkspaceExecuteCommandHandler.java:205)
	at org.eclipse.jdt.ls.core.internal.handlers.JDTLanguageServer.lambda$3(JDTLanguageServer.java:495)
	at org.eclipse.jdt.ls.core.internal.BaseJDTLanguageServer.lambda$0(BaseJDTLanguageServer.java:75)
	at java.base/java.util.concurrent.CompletableFuture$UniApply.tryFire(CompletableFuture.java:642)
	at java.base/java.util.concurrent.CompletableFuture$Completion.exec(CompletableFuture.java:479)
	at java.base/java.util.concurrent.ForkJoinTask.doExec(ForkJoinTask.java:290)
	at java.base/java.util.concurrent.ForkJoinPool$WorkQueue.topLevelExec(ForkJoinPool.java:1016)
	at java.base/java.util.concurrent.ForkJoinPool.scan(ForkJoinPool.java:1665)
	at java.base/java.util.concurrent.ForkJoinPool.runWorker(ForkJoinPool.java:1598)
	at java.base/java.util.concurrent.ForkJoinWorkerThread.run(ForkJoinWorkerThread.java:177)

[Error - 1:51:52 PM] Oct 9, 2020, 1:51:52 PM Timed out while retrieving the attached javadoc for String [in String.class [in java.lang [in <module:java.base>]]] 
Timed out while retrieving the attached javadoc for String [in String.class [in java.lang [in <module:java.base>]]] 
Java Model Exception: Java Model Status [Timed out while retrieving the attached javadoc for String [in String.class [in java.lang [in <module:java.base>]]] ]
	at org.eclipse.jdt.internal.core.JavaElement.getURLContents(JavaElement.java:931)
	at org.eclipse.jdt.internal.core.BinaryType.getJavadocContents(BinaryType.java:1063)
	at org.eclipse.jdt.internal.core.BinaryMethod.getAttachedJavadoc(BinaryMethod.java:749)
	at org.eclipse.jdt.ls.core.internal.javadoc.JavadocContentAccess2.getHTMLContent(JavadocContentAccess2.java:595)
	at org.eclipse.jdt.ls.core.internal.javadoc.JavadocContentAccess2.getMarkdownContentReader(JavadocContentAccess2.java:2506)
	at org.eclipse.jdt.ls.core.internal.HoverInfoProvider.computeJavadoc(HoverInfoProvider.java:273)
	at org.eclipse.jdt.ls.core.internal.HoverInfoProvider.computeHover(HoverInfoProvider.java:145)
	at org.eclipse.jdt.ls.core.internal.handlers.HoverHandler.computeHover(HoverHandler.java:52)
	at org.eclipse.jdt.ls.core.internal.handlers.HoverHandler.hover(HoverHandler.java:41)
	at org.eclipse.jdt.ls.core.internal.handlers.JDTLanguageServer.lambda$6(JDTLanguageServer.java:550)
	at org.eclipse.jdt.ls.core.internal.BaseJDTLanguageServer.lambda$0(BaseJDTLanguageServer.java:75)
	at java.base/java.util.concurrent.CompletableFuture$UniApply.tryFire(CompletableFuture.java:642)
	at java.base/java.util.concurrent.CompletableFuture$Completion.exec(CompletableFuture.java:479)
	at java.base/java.util.concurrent.ForkJoinTask.doExec(ForkJoinTask.java:290)
	at java.base/java.util.concurrent.ForkJoinPool$WorkQueue.topLevelExec(ForkJoinPool.java:1016)
	at java.base/java.util.concurrent.ForkJoinPool.scan(ForkJoinPool.java:1665)
	at java.base/java.util.concurrent.ForkJoinPool.runWorker(ForkJoinPool.java:1598)
	at java.base/java.util.concurrent.ForkJoinWorkerThread.run(ForkJoinWorkerThread.java:177)

[Error - 1:51:52 PM] Oct 9, 2020, 1:51:52 PM Timed out while retrieving the attached javadoc for String [in String.class [in java.lang [in <module:java.base>]]] 
Timed out while retrieving the attached javadoc for String [in String.class [in java.lang [in <module:java.base>]]] 
Java Model Exception: Java Model Status [Timed out while retrieving the attached javadoc for String [in String.class [in java.lang [in <module:java.base>]]] ]
	at org.eclipse.jdt.internal.core.JavaElement.getURLContents(JavaElement.java:931)
	at org.eclipse.jdt.internal.core.BinaryType.getJavadocContents(BinaryType.java:1063)
	at org.eclipse.jdt.internal.core.BinaryMethod.getAttachedJavadoc(BinaryMethod.java:749)
	at org.eclipse.jdt.ls.core.internal.javadoc.JavadocContentAccess2.getHTMLContent(JavadocContentAccess2.java:595)
	at org.eclipse.jdt.ls.core.internal.javadoc.JavadocContentAccess2.getMarkdownContentReader(JavadocContentAccess2.java:2506)
	at org.eclipse.jdt.ls.core.internal.handlers.CompletionResolveHandler.lambda$0(CompletionResolveHandler.java:165)
	at java.base/java.util.concurrent.FutureTask.run(FutureTask.java:264)
	at java.base/java.util.concurrent.ThreadPoolExecutor.runWorker(ThreadPoolExecutor.java:1128)
	at java.base/java.util.concurrent.ThreadPoolExecutor$Worker.run(ThreadPoolExecutor.java:628)
	at java.base/java.lang.Thread.run(Thread.java:830)

[Error - 1:51:55 PM] Oct 9, 2020, 1:51:55 PM Unable to read documentation
null
java.util.concurrent.TimeoutException
	at java.base/java.util.concurrent.FutureTask.get(FutureTask.java:204)
	at com.google.common.util.concurrent.SimpleTimeLimiter.callWithTimeout(SimpleTimeLimiter.java:156)
	at org.eclipse.jdt.ls.core.internal.handlers.CompletionResolveHandler.resolve(CompletionResolveHandler.java:162)
	at com.microsoft.jdtls.intellicode.core.CommandHandler.executeCommand(CommandHandler.java:70)
	at org.eclipse.jdt.ls.core.internal.handlers.WorkspaceExecuteCommandHandler$1.run(WorkspaceExecuteCommandHandler.java:215)
	at org.eclipse.core.runtime.SafeRunner.run(SafeRunner.java:45)
	at org.eclipse.jdt.ls.core.internal.handlers.WorkspaceExecuteCommandHandler.executeCommand(WorkspaceExecuteCommandHandler.java:205)
	at org.eclipse.jdt.ls.core.internal.handlers.JDTLanguageServer.lambda$3(JDTLanguageServer.java:495)
	at org.eclipse.jdt.ls.core.internal.BaseJDTLanguageServer.lambda$0(BaseJDTLanguageServer.java:75)
	at java.base/java.util.concurrent.CompletableFuture$UniApply.tryFire(CompletableFuture.java:642)
	at java.base/java.util.concurrent.CompletableFuture$Completion.exec(CompletableFuture.java:479)
	at java.base/java.util.concurrent.ForkJoinTask.doExec(ForkJoinTask.java:290)
	at java.base/java.util.concurrent.ForkJoinPool$WorkQueue.topLevelExec(ForkJoinPool.java:1016)
	at java.base/java.util.concurrent.ForkJoinPool.scan(ForkJoinPool.java:1665)
	at java.base/java.util.concurrent.ForkJoinPool.runWorker(ForkJoinPool.java:1598)
	at java.base/java.util.concurrent.ForkJoinWorkerThread.run(ForkJoinWorkerThread.java:177)

[Error - 1:52:03 PM] Oct 9, 2020, 1:52:03 PM Timed out while retrieving the attached javadoc for PrintStream [in PrintStream.class [in java.io [in <module:java.base>]]] 
Timed out while retrieving the attached javadoc for PrintStream [in PrintStream.class [in java.io [in <module:java.base>]]] 
Java Model Exception: Java Model Status [Timed out while retrieving the attached javadoc for PrintStream [in PrintStream.class [in java.io [in <module:java.base>]]] ]
	at org.eclipse.jdt.internal.core.JavaElement.getURLContents(JavaElement.java:931)
	at org.eclipse.jdt.internal.core.BinaryType.getJavadocContents(BinaryType.java:1063)
	at org.eclipse.jdt.internal.core.BinaryMethod.getAttachedJavadoc(BinaryMethod.java:749)
	at org.eclipse.jdt.ls.core.internal.javadoc.JavadocContentAccess2.getHTMLContent(JavadocContentAccess2.java:595)
	at org.eclipse.jdt.ls.core.internal.javadoc.JavadocContentAccess2.getMarkdownContentReader(JavadocContentAccess2.java:2506)
	at org.eclipse.jdt.ls.core.internal.HoverInfoProvider.computeJavadoc(HoverInfoProvider.java:273)
	at org.eclipse.jdt.ls.core.internal.HoverInfoProvider.computeHover(HoverInfoProvider.java:145)
	at org.eclipse.jdt.ls.core.internal.handlers.HoverHandler.computeHover(HoverHandler.java:52)
	at org.eclipse.jdt.ls.core.internal.handlers.HoverHandler.hover(HoverHandler.java:41)
	at org.eclipse.jdt.ls.core.internal.handlers.JDTLanguageServer.lambda$6(JDTLanguageServer.java:550)
	at org.eclipse.jdt.ls.core.internal.BaseJDTLanguageServer.lambda$0(BaseJDTLanguageServer.java:75)
	at java.base/java.util.concurrent.CompletableFuture$UniApply.tryFire(CompletableFuture.java:642)
	at java.base/java.util.concurrent.CompletableFuture$Completion.exec(CompletableFuture.java:479)
	at java.base/java.util.concurrent.ForkJoinTask.doExec(ForkJoinTask.java:290)
	at java.base/java.util.concurrent.ForkJoinPool$WorkQueue.topLevelExec(ForkJoinPool.java:1016)
	at java.base/java.util.concurrent.ForkJoinPool.scan(ForkJoinPool.java:1665)
	at java.base/java.util.concurrent.ForkJoinPool.runWorker(ForkJoinPool.java:1598)
	at java.base/java.util.concurrent.ForkJoinWorkerThread.run(ForkJoinWorkerThread.java:177)

[Error - 1:52:15 PM] Oct 9, 2020, 1:52:15 PM Timed out while retrieving the attached javadoc for Object [in Object.class [in java.lang [in <module:java.base>]]] 
Timed out while retrieving the attached javadoc for Object [in Object.class [in java.lang [in <module:java.base>]]] 
Java Model Exception: Java Model Status [Timed out while retrieving the attached javadoc for Object [in Object.class [in java.lang [in <module:java.base>]]] ]
	at org.eclipse.jdt.internal.core.JavaElement.getURLContents(JavaElement.java:931)
	at org.eclipse.jdt.internal.core.BinaryType.getJavadocContents(BinaryType.java:1063)
	at org.eclipse.jdt.internal.core.BinaryMethod.getAttachedJavadoc(BinaryMethod.java:749)
	at org.eclipse.jdt.ls.core.internal.javadoc.JavadocContentAccess2.getHTMLContent(JavadocContentAccess2.java:595)
	at org.eclipse.jdt.ls.core.internal.javadoc.JavadocContentAccess2.getMarkdownContentReader(JavadocContentAccess2.java:2506)
	at org.eclipse.jdt.ls.core.internal.handlers.CompletionResolveHandler.lambda$0(CompletionResolveHandler.java:165)
	at java.base/java.util.concurrent.FutureTask.run(FutureTask.java:264)
	at java.base/java.util.concurrent.ThreadPoolExecutor.runWorker(ThreadPoolExecutor.java:1128)
	at java.base/java.util.concurrent.ThreadPoolExecutor$Worker.run(ThreadPoolExecutor.java:628)
	at java.base/java.lang.Thread.run(Thread.java:830)

[Error - 2:05:40 PM] Oct 9, 2020, 2:05:40 PM Unable to read documentation
null
java.util.concurrent.TimeoutException
	at java.base/java.util.concurrent.FutureTask.get(FutureTask.java:204)
	at com.google.common.util.concurrent.SimpleTimeLimiter.callWithTimeout(SimpleTimeLimiter.java:156)
	at org.eclipse.jdt.ls.core.internal.handlers.CompletionResolveHandler.resolve(CompletionResolveHandler.java:162)
	at com.microsoft.jdtls.intellicode.core.CommandHandler.executeCommand(CommandHandler.java:70)
	at org.eclipse.jdt.ls.core.internal.handlers.WorkspaceExecuteCommandHandler$1.run(WorkspaceExecuteCommandHandler.java:215)
	at org.eclipse.core.runtime.SafeRunner.run(SafeRunner.java:45)
	at org.eclipse.jdt.ls.core.internal.handlers.WorkspaceExecuteCommandHandler.executeCommand(WorkspaceExecuteCommandHandler.java:205)
	at org.eclipse.jdt.ls.core.internal.handlers.JDTLanguageServer.lambda$3(JDTLanguageServer.java:495)
	at org.eclipse.jdt.ls.core.internal.BaseJDTLanguageServer.lambda$0(BaseJDTLanguageServer.java:75)
	at java.base/java.util.concurrent.CompletableFuture$UniApply.tryFire(CompletableFuture.java:642)
	at java.base/java.util.concurrent.CompletableFuture$Completion.exec(CompletableFuture.java:479)
	at java.base/java.util.concurrent.ForkJoinTask.doExec(ForkJoinTask.java:290)
	at java.base/java.util.concurrent.ForkJoinPool$WorkQueue.topLevelExec(ForkJoinPool.java:1016)
	at java.base/java.util.concurrent.ForkJoinPool.scan(ForkJoinPool.java:1665)
	at java.base/java.util.concurrent.ForkJoinPool.runWorker(ForkJoinPool.java:1598)
	at java.base/java.util.concurrent.ForkJoinWorkerThread.run(ForkJoinWorkerThread.java:177)

[Error - 2:05:40 PM] Oct 9, 2020, 2:05:40 PM Unable to read documentation
null
java.util.concurrent.TimeoutException
	at java.base/java.util.concurrent.FutureTask.get(FutureTask.java:204)
	at com.google.common.util.concurrent.SimpleTimeLimiter.callWithTimeout(SimpleTimeLimiter.java:156)
	at org.eclipse.jdt.ls.core.internal.handlers.CompletionResolveHandler.resolve(CompletionResolveHandler.java:162)
	at com.microsoft.jdtls.intellicode.core.CommandHandler.executeCommand(CommandHandler.java:70)
	at org.eclipse.jdt.ls.core.internal.handlers.WorkspaceExecuteCommandHandler$1.run(WorkspaceExecuteCommandHandler.java:215)
	at org.eclipse.core.runtime.SafeRunner.run(SafeRunner.java:45)
	at org.eclipse.jdt.ls.core.internal.handlers.WorkspaceExecuteCommandHandler.executeCommand(WorkspaceExecuteCommandHandler.java:205)
	at org.eclipse.jdt.ls.core.internal.handlers.JDTLanguageServer.lambda$3(JDTLanguageServer.java:495)
	at org.eclipse.jdt.ls.core.internal.BaseJDTLanguageServer.lambda$0(BaseJDTLanguageServer.java:75)
	at java.base/java.util.concurrent.CompletableFuture$UniApply.tryFire(CompletableFuture.java:642)
	at java.base/java.util.concurrent.CompletableFuture$Completion.exec(CompletableFuture.java:479)
	at java.base/java.util.concurrent.ForkJoinTask.doExec(ForkJoinTask.java:290)
	at java.base/java.util.concurrent.ForkJoinPool$WorkQueue.topLevelExec(ForkJoinPool.java:1016)
	at java.base/java.util.concurrent.ForkJoinPool.scan(ForkJoinPool.java:1665)
	at java.base/java.util.concurrent.ForkJoinPool.runWorker(ForkJoinPool.java:1598)
	at java.base/java.util.concurrent.ForkJoinWorkerThread.run(ForkJoinWorkerThread.java:177)

[Error - 2:05:40 PM] Oct 9, 2020, 2:05:40 PM Unable to read documentation
null
java.util.concurrent.TimeoutException
	at java.base/java.util.concurrent.FutureTask.get(FutureTask.java:204)
	at com.google.common.util.concurrent.SimpleTimeLimiter.callWithTimeout(SimpleTimeLimiter.java:156)
	at org.eclipse.jdt.ls.core.internal.handlers.CompletionResolveHandler.resolve(CompletionResolveHandler.java:162)
	at com.microsoft.jdtls.intellicode.core.CommandHandler.executeCommand(CommandHandler.java:70)
	at org.eclipse.jdt.ls.core.internal.handlers.WorkspaceExecuteCommandHandler$1.run(WorkspaceExecuteCommandHandler.java:215)
	at org.eclipse.core.runtime.SafeRunner.run(SafeRunner.java:45)
	at org.eclipse.jdt.ls.core.internal.handlers.WorkspaceExecuteCommandHandler.executeCommand(WorkspaceExecuteCommandHandler.java:205)
	at org.eclipse.jdt.ls.core.internal.handlers.JDTLanguageServer.lambda$3(JDTLanguageServer.java:495)
	at org.eclipse.jdt.ls.core.internal.BaseJDTLanguageServer.lambda$0(BaseJDTLanguageServer.java:75)
	at java.base/java.util.concurrent.CompletableFuture$UniApply.tryFire(CompletableFuture.java:642)
	at java.base/java.util.concurrent.CompletableFuture$Completion.exec(CompletableFuture.java:479)
	at java.base/java.util.concurrent.ForkJoinTask.doExec(ForkJoinTask.java:290)
	at java.base/java.util.concurrent.ForkJoinPool$WorkQueue.topLevelExec(ForkJoinPool.java:1016)
	at java.base/java.util.concurrent.ForkJoinPool.scan(ForkJoinPool.java:1665)
	at java.base/java.util.concurrent.ForkJoinPool.runWorker(ForkJoinPool.java:1598)
	at java.base/java.util.concurrent.ForkJoinWorkerThread.run(ForkJoinWorkerThread.java:177)

[Error - 2:05:45 PM] Oct 9, 2020, 2:05:45 PM Unable to read documentation
null
java.util.concurrent.TimeoutException
	at java.base/java.util.concurrent.FutureTask.get(FutureTask.java:204)
	at com.google.common.util.concurrent.SimpleTimeLimiter.callWithTimeout(SimpleTimeLimiter.java:156)
	at org.eclipse.jdt.ls.core.internal.handlers.CompletionResolveHandler.resolve(CompletionResolveHandler.java:162)
	at com.microsoft.jdtls.intellicode.core.CommandHandler.executeCommand(CommandHandler.java:70)
	at org.eclipse.jdt.ls.core.internal.handlers.WorkspaceExecuteCommandHandler$1.run(WorkspaceExecuteCommandHandler.java:215)
	at org.eclipse.core.runtime.SafeRunner.run(SafeRunner.java:45)
	at org.eclipse.jdt.ls.core.internal.handlers.WorkspaceExecuteCommandHandler.executeCommand(WorkspaceExecuteCommandHandler.java:205)
	at org.eclipse.jdt.ls.core.internal.handlers.JDTLanguageServer.lambda$3(JDTLanguageServer.java:495)
	at org.eclipse.jdt.ls.core.internal.BaseJDTLanguageServer.lambda$0(BaseJDTLanguageServer.java:75)
	at java.base/java.util.concurrent.CompletableFuture$UniApply.tryFire(CompletableFuture.java:642)
	at java.base/java.util.concurrent.CompletableFuture$Completion.exec(CompletableFuture.java:479)
	at java.base/java.util.concurrent.ForkJoinTask.doExec(ForkJoinTask.java:290)
	at java.base/java.util.concurrent.ForkJoinPool$WorkQueue.topLevelExec(ForkJoinPool.java:1016)
	at java.base/java.util.concurrent.ForkJoinPool.scan(ForkJoinPool.java:1665)
	at java.base/java.util.concurrent.ForkJoinPool.runWorker(ForkJoinPool.java:1598)
	at java.base/java.util.concurrent.ForkJoinWorkerThread.run(ForkJoinWorkerThread.java:177)

[Error - 2:09:50 PM] Oct 9, 2020, 2:09:50 PM Unable to read documentation
null
java.util.concurrent.TimeoutException
	at java.base/java.util.concurrent.FutureTask.get(FutureTask.java:204)
	at com.google.common.util.concurrent.SimpleTimeLimiter.callWithTimeout(SimpleTimeLimiter.java:156)
	at org.eclipse.jdt.ls.core.internal.handlers.CompletionResolveHandler.resolve(CompletionResolveHandler.java:162)
	at com.microsoft.jdtls.intellicode.core.CommandHandler.executeCommand(CommandHandler.java:70)
	at org.eclipse.jdt.ls.core.internal.handlers.WorkspaceExecuteCommandHandler$1.run(WorkspaceExecuteCommandHandler.java:215)
	at org.eclipse.core.runtime.SafeRunner.run(SafeRunner.java:45)
	at org.eclipse.jdt.ls.core.internal.handlers.WorkspaceExecuteCommandHandler.executeCommand(WorkspaceExecuteCommandHandler.java:205)
	at org.eclipse.jdt.ls.core.internal.handlers.JDTLanguageServer.lambda$3(JDTLanguageServer.java:495)
	at org.eclipse.jdt.ls.core.internal.BaseJDTLanguageServer.lambda$0(BaseJDTLanguageServer.java:75)
	at java.base/java.util.concurrent.CompletableFuture$UniApply.tryFire(CompletableFuture.java:642)
	at java.base/java.util.concurrent.CompletableFuture$Completion.exec(CompletableFuture.java:479)
	at java.base/java.util.concurrent.ForkJoinTask.doExec(ForkJoinTask.java:290)
	at java.base/java.util.concurrent.ForkJoinPool$WorkQueue.topLevelExec(ForkJoinPool.java:1016)
	at java.base/java.util.concurrent.ForkJoinPool.scan(ForkJoinPool.java:1665)
	at java.base/java.util.concurrent.ForkJoinPool.runWorker(ForkJoinPool.java:1598)
	at java.base/java.util.concurrent.ForkJoinWorkerThread.run(ForkJoinWorkerThread.java:177)

[Error - 2:10:45 PM] Oct 9, 2020, 2:10:45 PM Unable to read documentation
null
java.util.concurrent.TimeoutException
	at java.base/java.util.concurrent.FutureTask.get(FutureTask.java:204)
	at com.google.common.util.concurrent.SimpleTimeLimiter.callWithTimeout(SimpleTimeLimiter.java:156)
	at org.eclipse.jdt.ls.core.internal.handlers.CompletionResolveHandler.resolve(CompletionResolveHandler.java:162)
	at com.microsoft.jdtls.intellicode.core.CommandHandler.executeCommand(CommandHandler.java:70)
	at org.eclipse.jdt.ls.core.internal.handlers.WorkspaceExecuteCommandHandler$1.run(WorkspaceExecuteCommandHandler.java:215)
	at org.eclipse.core.runtime.SafeRunner.run(SafeRunner.java:45)
	at org.eclipse.jdt.ls.core.internal.handlers.WorkspaceExecuteCommandHandler.executeCommand(WorkspaceExecuteCommandHandler.java:205)
	at org.eclipse.jdt.ls.core.internal.handlers.JDTLanguageServer.lambda$3(JDTLanguageServer.java:495)
	at org.eclipse.jdt.ls.core.internal.BaseJDTLanguageServer.lambda$0(BaseJDTLanguageServer.java:75)
	at java.base/java.util.concurrent.CompletableFuture$UniApply.tryFire(CompletableFuture.java:642)
	at java.base/java.util.concurrent.CompletableFuture$Completion.exec(CompletableFuture.java:479)
	at java.base/java.util.concurrent.ForkJoinTask.doExec(ForkJoinTask.java:290)
	at java.base/java.util.concurrent.ForkJoinPool$WorkQueue.topLevelExec(ForkJoinPool.java:1016)
	at java.base/java.util.concurrent.ForkJoinPool.scan(ForkJoinPool.java:1665)
	at java.base/java.util.concurrent.ForkJoinPool.runWorker(ForkJoinPool.java:1598)
	at java.base/java.util.concurrent.ForkJoinWorkerThread.run(ForkJoinWorkerThread.java:177)

