[2020-10-09 13:34:17.209] [exthost] [info] extension host started
[2020-10-09 13:34:17.238] [exthost] [info] ExtensionService#_doActivateExtension vscode.php-language-features {"startup":false,"extensionId":{"value":"vscode.php-language-features","_lower":"vscode.php-language-features"},"activationEvent":"onLanguage:php"}
[2020-10-09 13:34:17.238] [exthost] [info] ExtensionService#loadCommonJSModule file:///opt/visual-studio-code/resources/app/extensions/php-language-features/dist/phpMain
[2020-10-09 13:34:17.535] [exthost] [info] ExtensionService#_doActivateExtension vscode.debug-auto-launch {"startup":true,"extensionId":{"value":"vscode.debug-auto-launch","_lower":"vscode.debug-auto-launch"},"activationEvent":"*"}
[2020-10-09 13:34:17.535] [exthost] [info] ExtensionService#loadCommonJSModule file:///opt/visual-studio-code/resources/app/extensions/debug-auto-launch/dist/extension
[2020-10-09 13:34:17.639] [exthost] [info] ExtensionService#_doActivateExtension vscode.emmet {"startup":true,"extensionId":{"value":"vscode.emmet","_lower":"vscode.emmet"},"activationEvent":"*"}
[2020-10-09 13:34:17.639] [exthost] [info] ExtensionService#loadCommonJSModule file:///opt/visual-studio-code/resources/app/extensions/emmet/dist/extension
[2020-10-09 13:34:17.786] [exthost] [info] ExtensionService#_doActivateExtension vscode.git {"startup":true,"extensionId":{"value":"vscode.git","_lower":"vscode.git"},"activationEvent":"*"}
[2020-10-09 13:34:17.786] [exthost] [info] ExtensionService#loadCommonJSModule file:///opt/visual-studio-code/resources/app/extensions/git/dist/main
[2020-10-09 13:34:17.884] [exthost] [info] ExtensionService#_doActivateExtension vscode.github-authentication {"startup":true,"extensionId":{"value":"vscode.github-authentication","_lower":"vscode.github-authentication"},"activationEvent":"*"}
[2020-10-09 13:34:17.885] [exthost] [info] ExtensionService#loadCommonJSModule file:///opt/visual-studio-code/resources/app/extensions/github-authentication/dist/extension.js
[2020-10-09 13:34:17.921] [exthost] [info] ExtensionService#_doActivateExtension vscode.merge-conflict {"startup":true,"extensionId":{"value":"vscode.merge-conflict","_lower":"vscode.merge-conflict"},"activationEvent":"*"}
[2020-10-09 13:34:17.921] [exthost] [info] ExtensionService#loadCommonJSModule file:///opt/visual-studio-code/resources/app/extensions/merge-conflict/dist/extension
[2020-10-09 13:34:17.962] [exthost] [info] ExtensionService#_doActivateExtension vscode.search-result {"startup":true,"extensionId":{"value":"vscode.search-result","_lower":"vscode.search-result"},"activationEvent":"*"}
[2020-10-09 13:34:17.963] [exthost] [info] ExtensionService#loadCommonJSModule file:///opt/visual-studio-code/resources/app/extensions/search-result/dist/extension.js
[2020-10-09 13:34:18.001] [exthost] [info] ExtensionService#_doActivateExtension vscode.vscode-account {"startup":true,"extensionId":{"value":"vscode.vscode-account","_lower":"vscode.vscode-account"},"activationEvent":"*"}
[2020-10-09 13:34:18.001] [exthost] [info] ExtensionService#loadCommonJSModule file:///opt/visual-studio-code/resources/app/extensions/vscode-account/dist/extension.js
[2020-10-09 13:34:21.745] [exthost] [info] eager extensions activated
[2020-10-09 13:45:42.679] [exthost] [info] ExtensionService#_doActivateExtension redhat.java {"startup":false,"extensionId":{"value":"vscjava.vscode-java-test","_lower":"vscjava.vscode-java-test"},"activationEvent":"onLanguage:java"}
[2020-10-09 13:45:42.679] [exthost] [info] ExtensionService#loadCommonJSModule file:///home/fahrul/.vscode/extensions/redhat.java-0.64.1/dist/extension
[2020-10-09 13:45:42.820] [exthost] [info] ExtensionService#_doActivateExtension VisualStudioExptTeam.vscodeintellicode {"startup":false,"extensionId":{"value":"VisualStudioExptTeam.vscodeintellicode","_lower":"visualstudioexptteam.vscodeintellicode"},"activationEvent":"onLanguage:java"}
[2020-10-09 13:45:42.820] [exthost] [info] ExtensionService#loadCommonJSModule file:///home/fahrul/.vscode/extensions/visualstudioexptteam.vscodeintellicode-1.2.10/dist/intellicode
[2020-10-09 13:45:43.213] [exthost] [info] ExtensionService#_doActivateExtension vscjava.vscode-java-debug {"startup":false,"extensionId":{"value":"vscjava.vscode-java-test","_lower":"vscjava.vscode-java-test"},"activationEvent":"onLanguage:java"}
[2020-10-09 13:45:43.213] [exthost] [info] ExtensionService#loadCommonJSModule file:///home/fahrul/.vscode/extensions/vscjava.vscode-java-debug-0.27.1/dist/extension
[2020-10-09 13:45:43.310] [exthost] [info] ExtensionService#_doActivateExtension vscjava.vscode-java-pack {"startup":false,"extensionId":{"value":"vscjava.vscode-java-pack","_lower":"vscjava.vscode-java-pack"},"activationEvent":"onLanguage:java"}
[2020-10-09 13:45:43.311] [exthost] [info] ExtensionService#loadCommonJSModule file:///home/fahrul/.vscode/extensions/vscjava.vscode-java-pack-0.10.0/out/extension
[2020-10-09 13:45:46.152] [exthost] [warning] [redhat.java] Accessing a resource scoped configuration without providing a resource is not expected. To get the effective value for '[java]', provide the URI of a resource or 'null' for any resource.
[2020-10-09 13:45:46.389] [exthost] [warning] [redhat.java] Accessing a resource scoped configuration without providing a resource is not expected. To get the effective value for '[java]', provide the URI of a resource or 'null' for any resource.
[2020-10-09 13:46:13.014] [exthost] [info] ExtensionService#_doActivateExtension vscjava.vscode-java-dependency {"startup":false,"extensionId":{"value":"vscjava.vscode-java-dependency","_lower":"vscjava.vscode-java-dependency"},"activationEvent":"onLanguage:java"}
[2020-10-09 13:46:13.014] [exthost] [info] ExtensionService#loadCommonJSModule file:///home/fahrul/.vscode/extensions/vscjava.vscode-java-dependency-0.13.0/dist/extension
[2020-10-09 13:46:13.376] [exthost] [info] ExtensionService#_doActivateExtension vscjava.vscode-java-test {"startup":false,"extensionId":{"value":"vscjava.vscode-java-test","_lower":"vscjava.vscode-java-test"},"activationEvent":"onLanguage:java"}
[2020-10-09 13:46:13.377] [exthost] [info] ExtensionService#loadCommonJSModule file:///home/fahrul/.vscode/extensions/vscjava.vscode-java-test-0.24.2/main.js
[2020-10-09 13:48:31.328] [exthost] [info] [VisualStudioExptTeam.vscodeintellicode] UNSAVE result from 'resolveCompletionItem', extension SHOULD NOT change any of: additionalTextEdits, or command
[2020-10-09 13:48:40.163] [exthost] [warning] [VisualStudioExptTeam.vscodeintellicode] INVALID result from 'resolveCompletionItem', extension MUST NOT change any of: label, sortText, filterText, insertText, or textEdit
[2020-10-09 13:50:31.837] [exthost] [error] [redhat.java] provider FAILED
[2020-10-09 13:50:31.842] [exthost] [error] Error: The request (id: 310, method: 'textDocument/hover') has been cancelled
	at /home/fahrul/.vscode/extensions/redhat.java-0.64.1/dist/extension.js:1:76301
	at /home/fahrul/.vscode/extensions/redhat.java-0.64.1/dist/extension.js:1:76595
	at Immediate.<anonymous> (/home/fahrul/.vscode/extensions/redhat.java-0.64.1/dist/extension.js:1:76956)
	at processImmediate (internal/timers.js:439:21)
[2020-10-09 13:51:31.624] [exthost] [error] [redhat.java] provider FAILED
[2020-10-09 13:51:31.624] [exthost] [error] Error: The request (id: 314, method: 'textDocument/hover') has been cancelled
	at /home/fahrul/.vscode/extensions/redhat.java-0.64.1/dist/extension.js:1:76301
	at /home/fahrul/.vscode/extensions/redhat.java-0.64.1/dist/extension.js:1:76595
	at Immediate.<anonymous> (/home/fahrul/.vscode/extensions/redhat.java-0.64.1/dist/extension.js:1:76956)
	at processImmediate (internal/timers.js:439:21)
[2020-10-09 13:51:42.639] [exthost] [error] [redhat.java] provider FAILED
[2020-10-09 13:51:42.640] [exthost] [error] Error: The request (id: 337, method: 'textDocument/hover') has been cancelled
	at /home/fahrul/.vscode/extensions/redhat.java-0.64.1/dist/extension.js:1:76301
	at /home/fahrul/.vscode/extensions/redhat.java-0.64.1/dist/extension.js:1:76595
	at Immediate.<anonymous> (/home/fahrul/.vscode/extensions/redhat.java-0.64.1/dist/extension.js:1:76956)
	at processImmediate (internal/timers.js:439:21)
[2020-10-09 14:05:23.800] [exthost] [error] [redhat.java] provider FAILED
[2020-10-09 14:05:23.800] [exthost] [error] Error: The request (id: 419, method: 'textDocument/hover') has been cancelled
	at /home/fahrul/.vscode/extensions/redhat.java-0.64.1/dist/extension.js:1:76301
	at /home/fahrul/.vscode/extensions/redhat.java-0.64.1/dist/extension.js:1:76595
	at Immediate.<anonymous> (/home/fahrul/.vscode/extensions/redhat.java-0.64.1/dist/extension.js:1:76956)
	at processImmediate (internal/timers.js:439:21)
[2020-10-09 14:05:40.586] [exthost] [error] [VisualStudioExptTeam.vscodeintellicode] provider FAILED
[2020-10-09 14:05:40.589] [exthost] [error] Error: DisposableStore is missing...
	at U._convertCompletionItem (/opt/visual-studio-code/resources/app/out/vs/workbench/services/extensions/node/extensionHostProcess.js:677:574)
	at U.resolveCompletionItem (/opt/visual-studio-code/resources/app/out/vs/workbench/services/extensions/node/extensionHostProcess.js:677:354)
[2020-10-09 14:05:40.590] [exthost] [error] [VisualStudioExptTeam.vscodeintellicode] provider FAILED
[2020-10-09 14:05:40.590] [exthost] [error] Error: DisposableStore is missing...
	at U._convertCompletionItem (/opt/visual-studio-code/resources/app/out/vs/workbench/services/extensions/node/extensionHostProcess.js:677:574)
	at U.resolveCompletionItem (/opt/visual-studio-code/resources/app/out/vs/workbench/services/extensions/node/extensionHostProcess.js:677:354)
[2020-10-09 14:05:40.591] [exthost] [error] [VisualStudioExptTeam.vscodeintellicode] provider FAILED
[2020-10-09 14:05:40.591] [exthost] [error] Error: DisposableStore is missing...
	at U._convertCompletionItem (/opt/visual-studio-code/resources/app/out/vs/workbench/services/extensions/node/extensionHostProcess.js:677:574)
	at U.resolveCompletionItem (/opt/visual-studio-code/resources/app/out/vs/workbench/services/extensions/node/extensionHostProcess.js:677:354)
