[2020-10-09 17:50:55.218] [exthost] [info] extension host started
[2020-10-09 17:50:55.336] [exthost] [info] ExtensionService#_doActivateExtension redhat.java {"startup":false,"extensionId":{"value":"vscjava.vscode-java-test","_lower":"vscjava.vscode-java-test"},"activationEvent":"onLanguage:java"}
[2020-10-09 17:50:55.336] [exthost] [info] ExtensionService#loadCommonJSModule file:///home/fahrul/.vscode/extensions/redhat.java-0.64.1/dist/extension
[2020-10-09 17:50:55.509] [exthost] [info] ExtensionService#_doActivateExtension VisualStudioExptTeam.vscodeintellicode {"startup":false,"extensionId":{"value":"VisualStudioExptTeam.vscodeintellicode","_lower":"visualstudioexptteam.vscodeintellicode"},"activationEvent":"onLanguage:java"}
[2020-10-09 17:50:55.509] [exthost] [info] ExtensionService#loadCommonJSModule file:///home/fahrul/.vscode/extensions/visualstudioexptteam.vscodeintellicode-1.2.10/dist/intellicode
[2020-10-09 17:50:55.675] [exthost] [info] ExtensionService#_doActivateExtension vscjava.vscode-java-debug {"startup":false,"extensionId":{"value":"vscjava.vscode-java-test","_lower":"vscjava.vscode-java-test"},"activationEvent":"onLanguage:java"}
[2020-10-09 17:50:55.676] [exthost] [info] ExtensionService#loadCommonJSModule file:///home/fahrul/.vscode/extensions/vscjava.vscode-java-debug-0.27.1/dist/extension
[2020-10-09 17:50:55.714] [exthost] [info] ExtensionService#_doActivateExtension vscjava.vscode-java-pack {"startup":false,"extensionId":{"value":"vscjava.vscode-java-pack","_lower":"vscjava.vscode-java-pack"},"activationEvent":"onLanguage:java"}
[2020-10-09 17:50:55.714] [exthost] [info] ExtensionService#loadCommonJSModule file:///home/fahrul/.vscode/extensions/vscjava.vscode-java-pack-0.10.0/out/extension
[2020-10-09 17:50:55.888] [exthost] [info] ExtensionService#_doActivateExtension vscode.debug-auto-launch {"startup":true,"extensionId":{"value":"vscode.debug-auto-launch","_lower":"vscode.debug-auto-launch"},"activationEvent":"*"}
[2020-10-09 17:50:55.888] [exthost] [info] ExtensionService#loadCommonJSModule file:///opt/visual-studio-code/resources/app/extensions/debug-auto-launch/dist/extension
[2020-10-09 17:50:55.892] [exthost] [info] ExtensionService#_doActivateExtension vscode.emmet {"startup":true,"extensionId":{"value":"vscode.emmet","_lower":"vscode.emmet"},"activationEvent":"*"}
[2020-10-09 17:50:55.892] [exthost] [info] ExtensionService#loadCommonJSModule file:///opt/visual-studio-code/resources/app/extensions/emmet/dist/extension
[2020-10-09 17:50:55.916] [exthost] [info] ExtensionService#_doActivateExtension vscode.git {"startup":true,"extensionId":{"value":"vscode.git","_lower":"vscode.git"},"activationEvent":"*"}
[2020-10-09 17:50:55.916] [exthost] [info] ExtensionService#loadCommonJSModule file:///opt/visual-studio-code/resources/app/extensions/git/dist/main
[2020-10-09 17:50:55.959] [exthost] [info] ExtensionService#_doActivateExtension vscode.github-authentication {"startup":true,"extensionId":{"value":"vscode.github-authentication","_lower":"vscode.github-authentication"},"activationEvent":"*"}
[2020-10-09 17:50:55.960] [exthost] [info] ExtensionService#loadCommonJSModule file:///opt/visual-studio-code/resources/app/extensions/github-authentication/dist/extension.js
[2020-10-09 17:50:55.972] [exthost] [info] ExtensionService#_doActivateExtension vscode.merge-conflict {"startup":true,"extensionId":{"value":"vscode.merge-conflict","_lower":"vscode.merge-conflict"},"activationEvent":"*"}
[2020-10-09 17:50:55.972] [exthost] [info] ExtensionService#loadCommonJSModule file:///opt/visual-studio-code/resources/app/extensions/merge-conflict/dist/extension
[2020-10-09 17:50:55.987] [exthost] [info] ExtensionService#_doActivateExtension vscode.search-result {"startup":true,"extensionId":{"value":"vscode.search-result","_lower":"vscode.search-result"},"activationEvent":"*"}
[2020-10-09 17:50:55.988] [exthost] [info] ExtensionService#loadCommonJSModule file:///opt/visual-studio-code/resources/app/extensions/search-result/dist/extension.js
[2020-10-09 17:50:55.990] [exthost] [info] ExtensionService#_doActivateExtension vscode.vscode-account {"startup":true,"extensionId":{"value":"vscode.vscode-account","_lower":"vscode.vscode-account"},"activationEvent":"*"}
[2020-10-09 17:50:55.990] [exthost] [info] ExtensionService#loadCommonJSModule file:///opt/visual-studio-code/resources/app/extensions/vscode-account/dist/extension.js
[2020-10-09 17:50:56.582] [exthost] [info] eager extensions activated
[2020-10-09 17:50:56.878] [exthost] [warning] [redhat.java] Accessing a resource scoped configuration without providing a resource is not expected. To get the effective value for '[java]', provide the URI of a resource or 'null' for any resource.
[2020-10-09 17:50:56.939] [exthost] [warning] [redhat.java] Accessing a resource scoped configuration without providing a resource is not expected. To get the effective value for '[java]', provide the URI of a resource or 'null' for any resource.
[2020-10-09 17:51:11.268] [exthost] [info] ExtensionService#_doActivateExtension vscjava.vscode-java-dependency {"startup":false,"extensionId":{"value":"vscjava.vscode-java-dependency","_lower":"vscjava.vscode-java-dependency"},"activationEvent":"onLanguage:java"}
[2020-10-09 17:51:11.268] [exthost] [info] ExtensionService#loadCommonJSModule file:///home/fahrul/.vscode/extensions/vscjava.vscode-java-dependency-0.13.0/dist/extension
[2020-10-09 17:51:11.336] [exthost] [info] ExtensionService#_doActivateExtension vscjava.vscode-java-test {"startup":false,"extensionId":{"value":"vscjava.vscode-java-test","_lower":"vscjava.vscode-java-test"},"activationEvent":"onLanguage:java"}
[2020-10-09 17:51:11.336] [exthost] [info] ExtensionService#loadCommonJSModule file:///home/fahrul/.vscode/extensions/vscjava.vscode-java-test-0.24.2/main.js
[2020-10-09 17:51:35.112] [exthost] [error] [VisualStudioExptTeam.vscodeintellicode] provider FAILED
[2020-10-09 17:51:35.119] [exthost] [error] Error: Invalid completion proposal
	at /home/fahrul/.vscode/extensions/redhat.java-0.64.1/dist/extension.js:1:76301
	at /home/fahrul/.vscode/extensions/redhat.java-0.64.1/dist/extension.js:1:76595
	at Immediate.<anonymous> (/home/fahrul/.vscode/extensions/redhat.java-0.64.1/dist/extension.js:1:76956)
	at processImmediate (internal/timers.js:439:21)
[2020-10-09 17:51:36.441] [exthost] [warning] [VisualStudioExptTeam.vscodeintellicode] INVALID result from 'resolveCompletionItem', extension MUST NOT change any of: label, sortText, filterText, insertText, or textEdit
[2020-10-09 17:51:37.627] [exthost] [error] [VisualStudioExptTeam.vscodeintellicode] provider FAILED
[2020-10-09 17:51:37.629] [exthost] [error] Error: DisposableStore is missing...
	at U._convertCompletionItem (/opt/visual-studio-code/resources/app/out/vs/workbench/services/extensions/node/extensionHostProcess.js:677:574)
	at U.resolveCompletionItem (/opt/visual-studio-code/resources/app/out/vs/workbench/services/extensions/node/extensionHostProcess.js:677:354)
[2020-10-09 17:51:40.863] [exthost] [info] [VisualStudioExptTeam.vscodeintellicode] UNSAVE result from 'resolveCompletionItem', extension SHOULD NOT change any of: additionalTextEdits, or command
[2020-10-09 17:53:30.128] [exthost] [error] [redhat.java] provider FAILED
[2020-10-09 17:53:30.128] [exthost] [error] Error: The request (id: 194, method: 'textDocument/hover') has been cancelled
	at /home/fahrul/.vscode/extensions/redhat.java-0.64.1/dist/extension.js:1:76301
	at /home/fahrul/.vscode/extensions/redhat.java-0.64.1/dist/extension.js:1:76595
	at Immediate.<anonymous> (/home/fahrul/.vscode/extensions/redhat.java-0.64.1/dist/extension.js:1:76956)
	at processImmediate (internal/timers.js:439:21)
[2020-10-09 17:53:30.505] [exthost] [error] [redhat.java] provider FAILED
[2020-10-09 17:53:30.505] [exthost] [error] Error: The request (id: 195, method: 'textDocument/hover') has been cancelled
	at /home/fahrul/.vscode/extensions/redhat.java-0.64.1/dist/extension.js:1:76301
	at /home/fahrul/.vscode/extensions/redhat.java-0.64.1/dist/extension.js:1:76595
	at Immediate.<anonymous> (/home/fahrul/.vscode/extensions/redhat.java-0.64.1/dist/extension.js:1:76956)
	at processImmediate (internal/timers.js:439:21)
[2020-10-09 17:53:33.552] [exthost] [error] [redhat.java] provider FAILED
[2020-10-09 17:53:33.552] [exthost] [error] Error: The request (id: 199, method: 'textDocument/hover') has been cancelled
	at /home/fahrul/.vscode/extensions/redhat.java-0.64.1/dist/extension.js:1:76301
	at /home/fahrul/.vscode/extensions/redhat.java-0.64.1/dist/extension.js:1:76595
	at Immediate.<anonymous> (/home/fahrul/.vscode/extensions/redhat.java-0.64.1/dist/extension.js:1:76956)
	at processImmediate (internal/timers.js:439:21)
[2020-10-09 17:53:49.549] [exthost] [error] [redhat.java] provider FAILED
[2020-10-09 17:53:49.550] [exthost] [error] Error: The request (id: 200, method: 'textDocument/hover') has been cancelled
	at /home/fahrul/.vscode/extensions/redhat.java-0.64.1/dist/extension.js:1:76301
	at /home/fahrul/.vscode/extensions/redhat.java-0.64.1/dist/extension.js:1:76595
	at Immediate.<anonymous> (/home/fahrul/.vscode/extensions/redhat.java-0.64.1/dist/extension.js:1:76956)
	at processImmediate (internal/timers.js:439:21)
[2020-10-09 17:57:31.305] [exthost] [error] [redhat.java] provider FAILED
[2020-10-09 17:57:31.306] [exthost] [error] Error: The request (id: 630, method: 'textDocument/hover') has been cancelled
	at /home/fahrul/.vscode/extensions/redhat.java-0.64.1/dist/extension.js:1:76301
	at /home/fahrul/.vscode/extensions/redhat.java-0.64.1/dist/extension.js:1:76595
	at Immediate.<anonymous> (/home/fahrul/.vscode/extensions/redhat.java-0.64.1/dist/extension.js:1:76956)
	at processImmediate (internal/timers.js:439:21)
[2020-10-09 17:58:29.187] [exthost] [error] [redhat.java] provider FAILED
[2020-10-09 17:58:29.187] [exthost] [error] Error: The request (id: 768, method: 'textDocument/hover') has been cancelled
	at /home/fahrul/.vscode/extensions/redhat.java-0.64.1/dist/extension.js:1:76301
	at /home/fahrul/.vscode/extensions/redhat.java-0.64.1/dist/extension.js:1:76595
	at Immediate.<anonymous> (/home/fahrul/.vscode/extensions/redhat.java-0.64.1/dist/extension.js:1:76956)
	at processImmediate (internal/timers.js:439:21)
[2020-10-09 17:58:29.971] [exthost] [error] [redhat.java] provider FAILED
[2020-10-09 17:58:29.971] [exthost] [error] Error: The request (id: 769, method: 'textDocument/hover') has been cancelled
	at /home/fahrul/.vscode/extensions/redhat.java-0.64.1/dist/extension.js:1:76301
	at /home/fahrul/.vscode/extensions/redhat.java-0.64.1/dist/extension.js:1:76595
	at Immediate.<anonymous> (/home/fahrul/.vscode/extensions/redhat.java-0.64.1/dist/extension.js:1:76956)
	at processImmediate (internal/timers.js:439:21)
[2020-10-09 18:00:53.647] [exthost] [error] [redhat.java] provider FAILED
[2020-10-09 18:00:53.647] [exthost] [error] Error: The request (id: 910, method: 'textDocument/hover') has been cancelled
	at /home/fahrul/.vscode/extensions/redhat.java-0.64.1/dist/extension.js:1:76301
	at /home/fahrul/.vscode/extensions/redhat.java-0.64.1/dist/extension.js:1:76595
	at Immediate.<anonymous> (/home/fahrul/.vscode/extensions/redhat.java-0.64.1/dist/extension.js:1:76956)
	at processImmediate (internal/timers.js:439:21)
[2020-10-09 18:16:46.313] [exthost] [error] [redhat.java] provider FAILED
[2020-10-09 18:16:46.314] [exthost] [error] Error: The request (id: 2189, method: 'textDocument/hover') has been cancelled
	at /home/fahrul/.vscode/extensions/redhat.java-0.64.1/dist/extension.js:1:76301
	at /home/fahrul/.vscode/extensions/redhat.java-0.64.1/dist/extension.js:1:76595
	at Immediate.<anonymous> (/home/fahrul/.vscode/extensions/redhat.java-0.64.1/dist/extension.js:1:76956)
	at processImmediate (internal/timers.js:439:21)
[2020-10-09 18:52:59.895] [exthost] [error] [redhat.java] provider FAILED
[2020-10-09 18:52:59.895] [exthost] [error] Error: The request (id: 2429, method: 'textDocument/hover') has been cancelled
	at /home/fahrul/.vscode/extensions/redhat.java-0.64.1/dist/extension.js:1:76301
	at /home/fahrul/.vscode/extensions/redhat.java-0.64.1/dist/extension.js:1:76595
	at Immediate.<anonymous> (/home/fahrul/.vscode/extensions/redhat.java-0.64.1/dist/extension.js:1:76956)
	at processImmediate (internal/timers.js:439:21)
[2020-10-09 18:54:36.991] [exthost] [error] [redhat.java] provider FAILED
[2020-10-09 18:54:36.991] [exthost] [error] Error: The request (id: 2487, method: 'textDocument/hover') has been cancelled
	at /home/fahrul/.vscode/extensions/redhat.java-0.64.1/dist/extension.js:1:76301
	at /home/fahrul/.vscode/extensions/redhat.java-0.64.1/dist/extension.js:1:76595
	at Immediate.<anonymous> (/home/fahrul/.vscode/extensions/redhat.java-0.64.1/dist/extension.js:1:76956)
	at processImmediate (internal/timers.js:439:21)
[2020-10-09 18:55:04.464] [exthost] [error] [redhat.java] provider FAILED
[2020-10-09 18:55:04.465] [exthost] [error] Error: The request (id: 2584, method: 'textDocument/hover') has been cancelled
	at /home/fahrul/.vscode/extensions/redhat.java-0.64.1/dist/extension.js:1:76301
	at /home/fahrul/.vscode/extensions/redhat.java-0.64.1/dist/extension.js:1:76595
	at Immediate.<anonymous> (/home/fahrul/.vscode/extensions/redhat.java-0.64.1/dist/extension.js:1:76956)
	at processImmediate (internal/timers.js:439:21)
